<?xml version="1.0" encoding="UTF-8"?>
<robot generator="Robot 5.0 (Python 3.10.0 on win32)" generated="20220718 17:59:36.683" rpa="false" schemaversion="3">
<suite id="s1" name="Apiautomation" source="C:\Users\drios\Desktop\API ROBOT\API-REST-RobotFramework\tests\features\apiautomation.robot">
<test id="s1-t1" name="Cenario: Buscar a listagem de todos os livros (GET em todos os livros)" line="20">
<kw name="Conectar com a minha API" library="kws_apiautomation" type="SETUP">
<kw name="Create Session" library="RequestsLibrary">
<arg>${API_BOOKS.ALIAS}</arg>
<arg>${API_BOOKS.BASE_URL}</arg>
<arg>disable_warnings=${True}</arg>
<doc>Create Session: create a HTTP session to a server</doc>
<msg timestamp="20220718 17:59:36.879" level="INFO">Creating Session using : alias=booksAPI, url=https://fakerestapi.azurewebsites.net, headers={},                     cookies={}, auth=None, timeout=None, proxies=None, verify=False,                     debug=0 </msg>
<status status="PASS" starttime="20220718 17:59:36.878" endtime="20220718 17:59:36.880"/>
</kw>
<kw name="Create Directory" library="OperatingSystem">
<var>${HEADERS}</var>
<arg>content-type=application/json</arg>
<doc>Creates the specified directory.</doc>
<msg timestamp="20220718 17:59:36.880" level="INFO" html="true">Directory '&lt;a href="file://C:\Users\drios\Desktop\API ROBOT\API-REST-RobotFramework\content-type=application\json"&gt;C:\Users\drios\Desktop\API ROBOT\API-REST-RobotFramework\content-type=application\json&lt;/a&gt;' already exists.</msg>
<msg timestamp="20220718 17:59:36.881" level="INFO">${HEADERS} = None</msg>
<status status="PASS" starttime="20220718 17:59:36.880" endtime="20220718 17:59:36.881"/>
</kw>
<kw name="Set Test Variable" library="BuiltIn">
<arg>${HEADERS}</arg>
<doc>Makes a variable available everywhere within the scope of the current test.</doc>
<msg timestamp="20220718 17:59:36.881" level="INFO">${HEADERS} = None</msg>
<status status="PASS" starttime="20220718 17:59:36.881" endtime="20220718 17:59:36.881"/>
</kw>
<status status="PASS" starttime="20220718 17:59:36.877" endtime="20220718 17:59:36.882"/>
</kw>
<kw name="Requisitar todos os livros" library="kws_apiautomation">
<kw name="GET On Session" library="RequestsLibrary">
<var>${RESPOSTA}</var>
<arg>${API_BOOKS.ALIAS}</arg>
<arg>${API_BOOKS.ENDPOINT}</arg>
<doc>Sends a GET request on a previously created HTTP Session.</doc>
<msg timestamp="20220718 17:59:38.281" level="INFO">GET Request : url=https://fakerestapi.azurewebsites.net/api/v1/Books 
 path_url=/api/v1/Books 
 headers={'User-Agent': 'python-requests/2.27.1', 'Accept-Encoding': 'gzip, deflate', 'Accept': '*/*', 'Connection': 'keep-alive'} 
 body=None 
 </msg>
<msg timestamp="20220718 17:59:38.281" level="INFO">GET Response : url=https://fakerestapi.azurewebsites.net/api/v1/Books 
 status=200, reason=OK 
 headers={'Content-Type': 'application/json; charset=utf-8; v=1.0', 'Date': 'Mon, 18 Jul 2022 20:59:37 GMT', 'Server': 'Kestrel', 'Transfer-Encoding': 'chunked', 'api-supported-versions': '1.0'} 
 body=[{"id":1,"title":"Book 1","description":"Lorem lorem lorem. Lorem lorem lorem. Lorem lorem lorem.\n","pageCount":100,"excerpt":"Lorem lorem lorem. Lorem lorem lorem. Lorem lorem lorem.\nLorem lorem lorem. Lorem lorem lorem. Lorem lorem lorem.\nLorem lorem lorem. Lorem lorem lorem. Lorem lorem lorem.\nLorem lorem lorem. Lorem lorem lorem. Lorem lorem lorem.\nLorem lorem lorem. Lorem lorem lorem. Lorem lorem lorem.\n","publishDate":"2022-07-17T20:59:37.7150977+00:00"},{"id":2,"title":"Book 2","description":"Lorem lorem lorem. Lorem lorem lorem. Lorem lorem lorem.\n","pageCount":200,"excerpt":"Lorem lorem lorem. Lorem lorem lorem. Lorem lorem lorem.\nLorem lorem lorem. Lorem lorem lorem. Lorem lorem lorem.\nLorem lorem lorem. Lorem lorem lorem. Lorem lorem lorem.\nLorem lorem lorem. Lorem lorem lorem. Lorem lorem lorem.\nLorem lorem lorem. Lorem lorem lorem. Lorem lorem lorem.\n","publishDate":"2022-07-16T20:59:37.7151121+00:00"},{"id":3,"title":"Book 3","description":"Lorem lorem lorem. Lorem lorem lorem. Lorem lorem lorem.\n","pageCount":300,"excerpt":"Lorem lorem lorem. Lorem lorem lorem. Lorem lorem lorem.\nLorem lorem lorem. Lorem lorem lorem. Lorem lorem lorem.\nLorem lorem lorem. Lorem lorem lorem. Lorem lorem lorem.\nLorem lorem lorem. Lorem lorem lorem. Lorem lorem lorem.\nLorem lorem lorem. Lorem lorem lorem. Lorem lorem lorem.\n","publishDate":"2022-07-15T20:59:37.7151225+00:00"},{"id":4,"title":"Book 4","description":"Lorem lorem lorem. Lorem lorem lorem. Lorem lorem lorem.\n","pageCount":400,"excerpt":"Lorem lorem lorem. Lorem lorem lorem. Lorem lorem lorem.\nLorem lorem lorem. Lorem lorem lorem. Lorem lorem lorem.\nLorem lorem lorem. Lorem lorem lorem. Lorem lorem lorem.\nLorem lorem lorem. Lorem lorem lorem. Lorem lorem lorem.\nLorem lorem lorem. Lorem lorem lorem. Lorem lorem lorem.\n","publishDate":"2022-07-14T20:59:37.7151327+00:00"},{"id":5,"title":"Book 5","description":"Lorem lorem lorem. Lorem lorem lorem. Lorem lorem lorem.\n","pageCount":500,"excerpt":"Lorem lorem lorem. Lorem lorem lorem. Lorem lorem lorem.\nLorem lorem lorem. Lorem lorem lorem. Lorem lorem lorem.\nLorem lorem lorem. Lorem lorem lorem. Lorem lorem lorem.\nLorem lorem lorem. Lorem lorem lorem. Lorem lorem lorem.\nLorem lorem lorem. Lorem lorem lorem. Lorem lorem lorem.\n","publishDate":"2022-07-13T20:59:37.7151445+00:00"},{"id":6,"title":"Book 6","description":"Lorem lorem lorem. Lorem lorem lorem. Lorem lorem lorem.\n","pageCount":600,"excerpt":"Lorem lorem lorem. Lorem lorem lorem. Lorem lorem lorem.\nLorem lorem lorem. Lorem lorem lorem. Lorem lorem lorem.\nLorem lorem lorem. Lorem lorem lorem. Lorem lorem lorem.\nLorem lorem lorem. Lorem lorem lorem. Lorem lorem lorem.\nLorem lorem lorem. Lorem lorem lorem. Lorem lorem lorem.\n","publishDate":"2022-07-12T20:59:37.7151547+00:00"},{"id":7,"title":"Book 7","description":"Lorem lorem lorem. Lorem lorem lorem. Lorem lorem lorem.\n","pageCount":700,"excerpt":"Lorem lorem lorem. Lorem lorem lorem. Lorem lorem lorem.\nLorem lorem lorem. Lorem lorem lorem. Lorem lorem lorem.\nLorem lorem lorem. Lorem lorem lorem. Lorem lorem lorem.\nLorem lorem lorem. Lorem lorem lorem. Lorem lorem lorem.\nLorem lorem lorem. Lorem lorem lorem. Lorem lorem lorem.\n","publishDate":"2022-07-11T20:59:37.7151664+00:00"},{"id":8,"title":"Book 8","description":"Lorem lorem lorem. Lorem lorem lorem. Lorem lorem lorem.\n","pageCount":800,"excerpt":"Lorem lorem lorem. Lorem lorem lorem. Lorem lorem lorem.\nLorem lorem lorem. Lorem lorem lorem. Lorem lorem lorem.\nLorem lorem lorem. Lorem lorem lorem. Lorem lorem lorem.\nLorem lorem lorem. Lorem lorem lorem. Lorem lorem lorem.\nLorem lorem lorem. Lorem lorem lorem. Lorem lorem lorem.\n","publishDate":"2022-07-10T20:59:37.7151766+00:00"},{"id":9,"title":"Book 9","description":"Lorem lorem lorem. Lorem lorem lorem. Lorem lorem lorem.\n","pageCount":900,"excerpt":"Lorem lorem lorem. Lorem lorem lorem. Lorem lorem lorem.\nLorem lorem lorem. Lorem lorem lorem. Lorem lorem lorem.\nLorem lorem lorem. Lorem lorem lorem. Lorem lorem lorem.\nLorem lorem lorem. Lorem lorem lorem. Lorem lorem lorem.\nLorem lorem lorem. Lorem lorem lorem. Lorem lorem lorem.\n","publishDate":"2022-07-09T20:59:37.7151883+00:00"},{"id":10,"title":"Book 10","description":"Lorem lorem lorem. Lorem lorem lorem. Lorem lorem lorem.\n","pageCount":1000,"excerpt":"Lorem lorem lorem. Lorem lorem lorem. Lorem lorem lorem.\nLorem lorem lorem. Lorem lorem lorem. Lorem lorem lorem.\nLorem lorem lorem. Lorem lorem lorem. Lorem lorem lorem.\nLorem lorem lorem. Lorem lorem lorem. Lorem lorem lorem.\nLorem lorem lorem. Lorem lorem lorem. Lorem lorem lorem.\n","publishDate":"2022-07-08T20:59:37.7151988+00:00"},{"id":11,"title":"Book 11","description":"Lorem lorem lorem. Lorem lorem lorem. Lorem lorem lorem.\n","pageCount":1100,"excerpt":"Lorem lorem lorem. Lorem lorem lorem. Lorem lorem lorem.\nLorem lorem lorem. Lorem lorem lorem. Lorem lorem lorem.\nLorem lorem lorem. Lorem lorem lorem. Lorem lorem lorem.\nLorem lorem lorem. Lorem lorem lorem. Lorem lorem lorem.\nLorem lorem lorem. Lorem lorem lorem. Lorem lorem lorem.\n","publishDate":"2022-07-07T20:59:37.7152106+00:00"},{"id":12,"title":"Book 12","description":"Lorem lorem lorem. Lorem lorem lorem. Lorem lorem lorem.\n","pageCount":1200,"excerpt":"Lorem lorem lorem. Lorem lorem lorem. Lorem lorem lorem.\nLorem lorem lorem. Lorem lorem lorem. Lorem lorem lorem.\nLorem lorem lorem. Lorem lorem lorem. Lorem lorem lorem.\nLorem lorem lorem. Lorem lorem lorem. Lorem lorem lorem.\nLorem lorem lorem. Lorem lorem lorem. Lorem lorem lorem.\n","publishDate":"2022-07-06T20:59:37.7152209+00:00"},{"id":13,"title":"Book 13","description":"Lorem lorem lorem. Lorem lorem lorem. Lorem lorem lorem.\n","pageCount":1300,"excerpt":"Lorem lorem lorem. Lorem lorem lorem. Lorem lorem lorem.\nLorem lorem lorem. Lorem lorem lorem. Lorem lorem lorem.\nLorem lorem lorem. Lorem lorem lorem. Lorem lorem lorem.\nLorem lorem lorem. Lorem lorem lorem. Lorem lorem lorem.\nLorem lorem lorem. Lorem lorem lorem. Lorem lorem lorem.\n","publishDate":"2022-07-05T20:59:37.7152326+00:00"},{"id":14,"title":"Book 14","description":"Lorem lorem lorem. Lorem lorem lorem. Lorem lorem lorem.\n","pageCount":1400,"excerpt":"Lorem lorem lorem. Lorem lorem lorem. Lorem lorem lorem.\nLorem lorem lorem. Lorem lorem lorem. Lorem lorem lorem.\nLorem lorem lorem. Lorem lorem lorem. Lorem lorem lorem.\nLorem lorem lorem. Lorem lorem lorem. Lorem lorem lorem.\nLorem lorem lorem. Lorem lorem lorem. Lorem lorem lorem.\n","publishDate":"2022-07-04T20:59:37.7152425+00:00"},{"id":15,"title":"Book 15","description":"Lorem lorem lorem. Lorem lorem lorem. Lorem lorem lorem.\n","pageCount":1500,"excerpt":"Lorem lorem lorem. Lorem lorem lorem. Lorem lorem lorem.\nLorem lorem lorem. Lorem lorem lorem. Lorem lorem lorem.\nLorem lorem lorem. Lorem lorem lorem. Lorem lorem lorem.\nLorem lorem lorem. Lorem lorem lorem. Lorem lorem lorem.\nLorem lorem lorem. Lorem lorem lorem. Lorem lorem lorem.\n","publishDate":"2022-07-03T20:59:37.7152541+00:00"},{"id":16,"title":"Book 16","description":"Lorem lorem lorem. Lorem lorem lorem. Lorem lorem lorem.\n","pageCount":1600,"excerpt":"Lorem lorem lorem. Lorem lorem lorem. Lorem lorem lorem.\nLorem lorem lorem. Lorem lorem lorem. Lorem lorem lorem.\nLorem lorem lorem. Lorem lorem lorem. Lorem lorem lorem.\nLorem lorem lorem. Lorem lorem lorem. Lorem lorem lorem.\nLorem lorem lorem. Lorem lorem lorem. Lorem lorem lorem.\n","publishDate":"2022-07-02T20:59:37.7152644+00:00"},{"id":17,"title":"Book 17","description":"Lorem lorem lorem. Lorem lorem lorem. Lorem lorem lorem.\n","pageCount":1700,"excerpt":"Lorem lorem lorem. Lorem lorem lorem. Lorem lorem lorem.\nLorem lorem lorem. Lorem lorem lorem. Lorem lorem lorem.\nLorem lorem lorem. Lorem lorem lorem. Lorem lorem lorem.\nLorem lorem lorem. Lorem lorem lorem. Lorem lorem lorem.\nLorem lorem lorem. Lorem lorem lorem. Lorem lorem lorem.\n","publishDate":"2022-07-01T20:59:37.7152744+00:00"},{"id":18,"title":"Book 18","description":"Lorem lorem lorem. Lorem lorem lorem. Lorem lorem lorem.\n","pageCount":1800,"excerpt":"Lorem lorem lorem. Lorem lorem lorem. Lorem lorem lorem.\nLorem lorem lorem. Lorem lorem lorem. Lorem lorem lorem.\nLorem lorem lorem. Lorem lorem lorem. Lorem lorem lorem.\nLorem lorem lorem. Lorem lorem lorem. Lorem lorem lorem.\nLorem lorem lorem. Lorem lorem lorem. Lorem lorem lorem.\n","publishDate":"2022-06-30T20:59:37.7152862+00:00"},{"id":19,"title":"Book 19","description":"Lorem lorem lorem. Lorem lorem lorem. Lorem lorem lorem.\n","pageCount":1900,"excerpt":"Lorem lorem lorem. Lorem lorem lorem. Lorem lorem lorem.\nLorem lorem lorem. Lorem lorem lorem. Lorem lorem lorem.\nLorem lorem lorem. Lorem lorem lorem. Lorem lorem lorem.\nLorem lorem lorem. Lorem lorem lorem. Lorem lorem lorem.\nLorem lorem lorem. Lorem lorem lorem. Lorem lorem lorem.\n","publishDate":"2022-06-29T20:59:37.7152963+00:00"},{"id":20,"title":"Book 20","description":"Lorem lorem lorem. Lorem lorem lorem. Lorem lorem lorem.\n","pageCount":2000,"excerpt":"Lorem lorem lorem. Lorem lorem lorem. Lorem lorem lorem.\nLorem lorem lorem. Lorem lorem lorem. Lorem lorem lorem.\nLorem lorem lorem. Lorem lorem lorem. Lorem lorem lorem.\nLorem lorem lorem. Lorem lorem lorem. Lorem lorem lorem.\nLorem lorem lorem. Lorem lorem lorem. Lorem lorem lorem.\n","publishDate":"2022-06-28T20:59:37.7153078+00:00"},{"id":21,"title":"Book 21","description":"Lorem lorem lorem. Lorem lorem lorem. Lorem lorem lorem.\n","pageCount":2100,"excerpt":"Lorem lorem lorem. Lorem lorem lorem. Lorem lorem lorem.\nLorem lorem lorem. Lorem lorem lorem. Lorem lorem lorem.\nLorem lorem lorem. Lorem lorem lorem. Lorem lorem lorem.\nLorem lorem lorem. Lorem lorem lorem. Lorem lorem lorem.\nLorem lorem lorem. Lorem lorem lorem. Lorem lorem lorem.\n","publishDate":"2022-06-27T20:59:37.7153179+00:00"},{"id":22,"title":"Book 22","description":"Lorem lorem lorem. Lorem lorem lorem. Lorem lorem l... (set the log level to DEBUG or TRACE to see the full content) 
 </msg>
<msg timestamp="20220718 17:59:38.282" level="INFO">${RESPOSTA} = &lt;Response [200]&gt;</msg>
<status status="PASS" starttime="20220718 17:59:36.883" endtime="20220718 17:59:38.282"/>
</kw>
<kw name="Log" library="BuiltIn">
<arg>${RESPOSTA.text}</arg>
<doc>Logs the given message with the given level.</doc>
<msg timestamp="20220718 17:59:38.283" level="INFO">[{"id":1,"title":"Book 1","description":"Lorem lorem lorem. Lorem lorem lorem. Lorem lorem lorem.\n","pageCount":100,"excerpt":"Lorem lorem lorem. Lorem lorem lorem. Lorem lorem lorem.\nLorem lorem lorem. Lorem lorem lorem. Lorem lorem lorem.\nLorem lorem lorem. Lorem lorem lorem. Lorem lorem lorem.\nLorem lorem lorem. Lorem lorem lorem. Lorem lorem lorem.\nLorem lorem lorem. Lorem lorem lorem. Lorem lorem lorem.\n","publishDate":"2022-07-17T20:59:37.7150977+00:00"},{"id":2,"title":"Book 2","description":"Lorem lorem lorem. Lorem lorem lorem. Lorem lorem lorem.\n","pageCount":200,"excerpt":"Lorem lorem lorem. Lorem lorem lorem. Lorem lorem lorem.\nLorem lorem lorem. Lorem lorem lorem. Lorem lorem lorem.\nLorem lorem lorem. Lorem lorem lorem. Lorem lorem lorem.\nLorem lorem lorem. Lorem lorem lorem. Lorem lorem lorem.\nLorem lorem lorem. Lorem lorem lorem. Lorem lorem lorem.\n","publishDate":"2022-07-16T20:59:37.7151121+00:00"},{"id":3,"title":"Book 3","description":"Lorem lorem lorem. Lorem lorem lorem. Lorem lorem lorem.\n","pageCount":300,"excerpt":"Lorem lorem lorem. Lorem lorem lorem. Lorem lorem lorem.\nLorem lorem lorem. Lorem lorem lorem. Lorem lorem lorem.\nLorem lorem lorem. Lorem lorem lorem. Lorem lorem lorem.\nLorem lorem lorem. Lorem lorem lorem. Lorem lorem lorem.\nLorem lorem lorem. Lorem lorem lorem. Lorem lorem lorem.\n","publishDate":"2022-07-15T20:59:37.7151225+00:00"},{"id":4,"title":"Book 4","description":"Lorem lorem lorem. Lorem lorem lorem. Lorem lorem lorem.\n","pageCount":400,"excerpt":"Lorem lorem lorem. Lorem lorem lorem. Lorem lorem lorem.\nLorem lorem lorem. Lorem lorem lorem. Lorem lorem lorem.\nLorem lorem lorem. Lorem lorem lorem. Lorem lorem lorem.\nLorem lorem lorem. Lorem lorem lorem. Lorem lorem lorem.\nLorem lorem lorem. Lorem lorem lorem. Lorem lorem lorem.\n","publishDate":"2022-07-14T20:59:37.7151327+00:00"},{"id":5,"title":"Book 5","description":"Lorem lorem lorem. Lorem lorem lorem. Lorem lorem lorem.\n","pageCount":500,"excerpt":"Lorem lorem lorem. Lorem lorem lorem. Lorem lorem lorem.\nLorem lorem lorem. Lorem lorem lorem. Lorem lorem lorem.\nLorem lorem lorem. Lorem lorem lorem. Lorem lorem lorem.\nLorem lorem lorem. Lorem lorem lorem. Lorem lorem lorem.\nLorem lorem lorem. Lorem lorem lorem. Lorem lorem lorem.\n","publishDate":"2022-07-13T20:59:37.7151445+00:00"},{"id":6,"title":"Book 6","description":"Lorem lorem lorem. Lorem lorem lorem. Lorem lorem lorem.\n","pageCount":600,"excerpt":"Lorem lorem lorem. Lorem lorem lorem. Lorem lorem lorem.\nLorem lorem lorem. Lorem lorem lorem. Lorem lorem lorem.\nLorem lorem lorem. Lorem lorem lorem. Lorem lorem lorem.\nLorem lorem lorem. Lorem lorem lorem. Lorem lorem lorem.\nLorem lorem lorem. Lorem lorem lorem. Lorem lorem lorem.\n","publishDate":"2022-07-12T20:59:37.7151547+00:00"},{"id":7,"title":"Book 7","description":"Lorem lorem lorem. Lorem lorem lorem. Lorem lorem lorem.\n","pageCount":700,"excerpt":"Lorem lorem lorem. Lorem lorem lorem. Lorem lorem lorem.\nLorem lorem lorem. Lorem lorem lorem. Lorem lorem lorem.\nLorem lorem lorem. Lorem lorem lorem. Lorem lorem lorem.\nLorem lorem lorem. Lorem lorem lorem. Lorem lorem lorem.\nLorem lorem lorem. Lorem lorem lorem. Lorem lorem lorem.\n","publishDate":"2022-07-11T20:59:37.7151664+00:00"},{"id":8,"title":"Book 8","description":"Lorem lorem lorem. Lorem lorem lorem. Lorem lorem lorem.\n","pageCount":800,"excerpt":"Lorem lorem lorem. Lorem lorem lorem. Lorem lorem lorem.\nLorem lorem lorem. Lorem lorem lorem. Lorem lorem lorem.\nLorem lorem lorem. Lorem lorem lorem. Lorem lorem lorem.\nLorem lorem lorem. Lorem lorem lorem. Lorem lorem lorem.\nLorem lorem lorem. Lorem lorem lorem. Lorem lorem lorem.\n","publishDate":"2022-07-10T20:59:37.7151766+00:00"},{"id":9,"title":"Book 9","description":"Lorem lorem lorem. Lorem lorem lorem. Lorem lorem lorem.\n","pageCount":900,"excerpt":"Lorem lorem lorem. Lorem lorem lorem. Lorem lorem lorem.\nLorem lorem lorem. Lorem lorem lorem. Lorem lorem lorem.\nLorem lorem lorem. Lorem lorem lorem. Lorem lorem lorem.\nLorem lorem lorem. Lorem lorem lorem. Lorem lorem lorem.\nLorem lorem lorem. Lorem lorem lorem. Lorem lorem lorem.\n","publishDate":"2022-07-09T20:59:37.7151883+00:00"},{"id":10,"title":"Book 10","description":"Lorem lorem lorem. Lorem lorem lorem. Lorem lorem lorem.\n","pageCount":1000,"excerpt":"Lorem lorem lorem. Lorem lorem lorem. Lorem lorem lorem.\nLorem lorem lorem. Lorem lorem lorem. Lorem lorem lorem.\nLorem lorem lorem. Lorem lorem lorem. Lorem lorem lorem.\nLorem lorem lorem. Lorem lorem lorem. Lorem lorem lorem.\nLorem lorem lorem. Lorem lorem lorem. Lorem lorem lorem.\n","publishDate":"2022-07-08T20:59:37.7151988+00:00"},{"id":11,"title":"Book 11","description":"Lorem lorem lorem. Lorem lorem lorem. Lorem lorem lorem.\n","pageCount":1100,"excerpt":"Lorem lorem lorem. Lorem lorem lorem. Lorem lorem lorem.\nLorem lorem lorem. Lorem lorem lorem. Lorem lorem lorem.\nLorem lorem lorem. Lorem lorem lorem. Lorem lorem lorem.\nLorem lorem lorem. Lorem lorem lorem. Lorem lorem lorem.\nLorem lorem lorem. Lorem lorem lorem. Lorem lorem lorem.\n","publishDate":"2022-07-07T20:59:37.7152106+00:00"},{"id":12,"title":"Book 12","description":"Lorem lorem lorem. Lorem lorem lorem. Lorem lorem lorem.\n","pageCount":1200,"excerpt":"Lorem lorem lorem. Lorem lorem lorem. Lorem lorem lorem.\nLorem lorem lorem. Lorem lorem lorem. Lorem lorem lorem.\nLorem lorem lorem. Lorem lorem lorem. Lorem lorem lorem.\nLorem lorem lorem. Lorem lorem lorem. Lorem lorem lorem.\nLorem lorem lorem. Lorem lorem lorem. Lorem lorem lorem.\n","publishDate":"2022-07-06T20:59:37.7152209+00:00"},{"id":13,"title":"Book 13","description":"Lorem lorem lorem. Lorem lorem lorem. Lorem lorem lorem.\n","pageCount":1300,"excerpt":"Lorem lorem lorem. Lorem lorem lorem. Lorem lorem lorem.\nLorem lorem lorem. Lorem lorem lorem. Lorem lorem lorem.\nLorem lorem lorem. Lorem lorem lorem. Lorem lorem lorem.\nLorem lorem lorem. Lorem lorem lorem. Lorem lorem lorem.\nLorem lorem lorem. Lorem lorem lorem. Lorem lorem lorem.\n","publishDate":"2022-07-05T20:59:37.7152326+00:00"},{"id":14,"title":"Book 14","description":"Lorem lorem lorem. Lorem lorem lorem. Lorem lorem lorem.\n","pageCount":1400,"excerpt":"Lorem lorem lorem. Lorem lorem lorem. Lorem lorem lorem.\nLorem lorem lorem. Lorem lorem lorem. Lorem lorem lorem.\nLorem lorem lorem. Lorem lorem lorem. Lorem lorem lorem.\nLorem lorem lorem. Lorem lorem lorem. Lorem lorem lorem.\nLorem lorem lorem. Lorem lorem lorem. Lorem lorem lorem.\n","publishDate":"2022-07-04T20:59:37.7152425+00:00"},{"id":15,"title":"Book 15","description":"Lorem lorem lorem. Lorem lorem lorem. Lorem lorem lorem.\n","pageCount":1500,"excerpt":"Lorem lorem lorem. Lorem lorem lorem. Lorem lorem lorem.\nLorem lorem lorem. Lorem lorem lorem. Lorem lorem lorem.\nLorem lorem lorem. Lorem lorem lorem. Lorem lorem lorem.\nLorem lorem lorem. Lorem lorem lorem. Lorem lorem lorem.\nLorem lorem lorem. Lorem lorem lorem. Lorem lorem lorem.\n","publishDate":"2022-07-03T20:59:37.7152541+00:00"},{"id":16,"title":"Book 16","description":"Lorem lorem lorem. Lorem lorem lorem. Lorem lorem lorem.\n","pageCount":1600,"excerpt":"Lorem lorem lorem. Lorem lorem lorem. Lorem lorem lorem.\nLorem lorem lorem. Lorem lorem lorem. Lorem lorem lorem.\nLorem lorem lorem. Lorem lorem lorem. Lorem lorem lorem.\nLorem lorem lorem. Lorem lorem lorem. Lorem lorem lorem.\nLorem lorem lorem. Lorem lorem lorem. Lorem lorem lorem.\n","publishDate":"2022-07-02T20:59:37.7152644+00:00"},{"id":17,"title":"Book 17","description":"Lorem lorem lorem. Lorem lorem lorem. Lorem lorem lorem.\n","pageCount":1700,"excerpt":"Lorem lorem lorem. Lorem lorem lorem. Lorem lorem lorem.\nLorem lorem lorem. Lorem lorem lorem. Lorem lorem lorem.\nLorem lorem lorem. Lorem lorem lorem. Lorem lorem lorem.\nLorem lorem lorem. Lorem lorem lorem. Lorem lorem lorem.\nLorem lorem lorem. Lorem lorem lorem. Lorem lorem lorem.\n","publishDate":"2022-07-01T20:59:37.7152744+00:00"},{"id":18,"title":"Book 18","description":"Lorem lorem lorem. Lorem lorem lorem. Lorem lorem lorem.\n","pageCount":1800,"excerpt":"Lorem lorem lorem. Lorem lorem lorem. Lorem lorem lorem.\nLorem lorem lorem. Lorem lorem lorem. Lorem lorem lorem.\nLorem lorem lorem. Lorem lorem lorem. Lorem lorem lorem.\nLorem lorem lorem. Lorem lorem lorem. Lorem lorem lorem.\nLorem lorem lorem. Lorem lorem lorem. Lorem lorem lorem.\n","publishDate":"2022-06-30T20:59:37.7152862+00:00"},{"id":19,"title":"Book 19","description":"Lorem lorem lorem. Lorem lorem lorem. Lorem lorem lorem.\n","pageCount":1900,"excerpt":"Lorem lorem lorem. Lorem lorem lorem. Lorem lorem lorem.\nLorem lorem lorem. Lorem lorem lorem. Lorem lorem lorem.\nLorem lorem lorem. Lorem lorem lorem. Lorem lorem lorem.\nLorem lorem lorem. Lorem lorem lorem. Lorem lorem lorem.\nLorem lorem lorem. Lorem lorem lorem. Lorem lorem lorem.\n","publishDate":"2022-06-29T20:59:37.7152963+00:00"},{"id":20,"title":"Book 20","description":"Lorem lorem lorem. Lorem lorem lorem. Lorem lorem lorem.\n","pageCount":2000,"excerpt":"Lorem lorem lorem. Lorem lorem lorem. Lorem lorem lorem.\nLorem lorem lorem. Lorem lorem lorem. Lorem lorem lorem.\nLorem lorem lorem. Lorem lorem lorem. Lorem lorem lorem.\nLorem lorem lorem. Lorem lorem lorem. Lorem lorem lorem.\nLorem lorem lorem. Lorem lorem lorem. Lorem lorem lorem.\n","publishDate":"2022-06-28T20:59:37.7153078+00:00"},{"id":21,"title":"Book 21","description":"Lorem lorem lorem. Lorem lorem lorem. Lorem lorem lorem.\n","pageCount":2100,"excerpt":"Lorem lorem lorem. Lorem lorem lorem. Lorem lorem lorem.\nLorem lorem lorem. Lorem lorem lorem. Lorem lorem lorem.\nLorem lorem lorem. Lorem lorem lorem. Lorem lorem lorem.\nLorem lorem lorem. Lorem lorem lorem. Lorem lorem lorem.\nLorem lorem lorem. Lorem lorem lorem. Lorem lorem lorem.\n","publishDate":"2022-06-27T20:59:37.7153179+00:00"},{"id":22,"title":"Book 22","description":"Lorem lorem lorem. Lorem lorem lorem. Lorem lorem lorem.\n","pageCount":2200,"excerpt":"Lorem lorem lorem. Lorem lorem lorem. Lorem lorem lorem.\nLorem lorem lorem. Lorem lorem lorem. Lorem lorem lorem.\nLorem lorem lorem. Lorem lorem lorem. Lorem lorem lorem.\nLorem lorem lorem. Lorem lorem lorem. Lorem lorem lorem.\nLorem lorem lorem. Lorem lorem lorem. Lorem lorem lorem.\n","publishDate":"2022-06-26T20:59:37.7153295+00:00"},{"id":23,"title":"Book 23","description":"Lorem lorem lorem. Lorem lorem lorem. Lorem lorem lorem.\n","pageCount":2300,"excerpt":"Lorem lorem lorem. Lorem lorem lorem. Lorem lorem lorem.\nLorem lorem lorem. Lorem lorem lorem. Lorem lorem lorem.\nLorem lorem lorem. Lorem lorem lorem. Lorem lorem lorem.\nLorem lorem lorem. Lorem lorem lorem. Lorem lorem lorem.\nLorem lorem lorem. Lorem lorem lorem. Lorem lorem lorem.\n","publishDate":"2022-06-25T20:59:37.7153395+00:00"},{"id":24,"title":"Book 24","description":"Lorem lorem lorem. Lorem lorem lorem. Lorem lorem lorem.\n","pageCount":2400,"excerpt":"Lorem lorem lorem. Lorem lorem lorem. Lorem lorem lorem.\nLorem lorem lorem. Lorem lorem lorem. Lorem lorem lorem.\nLorem lorem lorem. Lorem lorem lorem. Lorem lorem lorem.\nLorem lorem lorem. Lorem lorem lorem. Lorem lorem lorem.\nLorem lorem lorem. Lorem lorem lorem. Lorem lorem lorem.\n","publishDate":"2022-06-24T20:59:37.7153512+00:00"},{"id":25,"title":"Book 25","description":"Lorem lorem lorem. Lorem lorem lorem. Lorem lorem lorem.\n","pageCount":2500,"excerpt":"Lorem lorem lorem. Lorem lorem lorem. Lorem lorem lorem.\nLorem lorem lorem. Lorem lorem lorem. Lorem lorem lorem.\nLorem lorem lorem. Lorem lorem lorem. Lorem lorem lorem.\nLorem lorem lorem. Lorem lorem lorem. Lorem lorem lorem.\nLorem lorem lorem. Lorem lorem lorem. Lorem lorem lorem.\n","publishDate":"2022-06-23T20:59:37.7153612+00:00"},{"id":26,"title":"Book 26","description":"Lorem lorem lorem. Lorem lorem lorem. Lorem lorem lorem.\n","pageCount":2600,"excerpt":"Lorem lorem lorem. Lorem lorem lorem. Lorem lorem lorem.\nLorem lorem lorem. Lorem lorem lorem. Lorem lorem lorem.\nLorem lorem lorem. Lorem lorem lorem. Lorem lorem lorem.\nLorem lorem lorem. Lorem lorem lorem. Lorem lorem lorem.\nLorem lorem lorem. Lorem lorem lorem. Lorem lorem lorem.\n","publishDate":"2022-06-22T20:59:37.7153728+00:00"},{"id":27,"title":"Book 27","description":"Lorem lorem lorem. Lorem lorem lorem. Lorem lorem lorem.\n","pageCount":2700,"excerpt":"Lorem lorem lorem. Lorem lorem lorem. Lorem lorem lorem.\nLorem lorem lorem. Lorem lorem lorem. Lorem lorem lorem.\nLorem lorem lorem. Lorem lorem lorem. Lorem lorem lorem.\nLorem lorem lorem. Lorem lorem lorem. Lorem lorem lorem.\nLorem lorem lorem. Lorem lorem lorem. Lorem lorem lorem.\n","publishDate":"2022-06-21T20:59:37.7153828+00:00"},{"id":28,"title":"Book 28","description":"Lorem lorem lorem. Lorem lorem lorem. Lorem lorem lorem.\n","pageCount":2800,"excerpt":"Lorem lorem lorem. Lorem lorem lorem. Lorem lorem lorem.\nLorem lorem lorem. Lorem lorem lorem. Lorem lorem lorem.\nLorem lorem lorem. Lorem lorem lorem. Lorem lorem lorem.\nLorem lorem lorem. Lorem lorem lorem. Lorem lorem lorem.\nLorem lorem lorem. Lorem lorem lorem. Lorem lorem lorem.\n","publishDate":"2022-06-20T20:59:37.7153944+00:00"},{"id":29,"title":"Book 29","description":"Lorem lorem lorem. Lorem lorem lorem. Lorem lorem lorem.\n","pageCount":2900,"excerpt":"Lorem lorem lorem. Lorem lorem lorem. Lorem lorem lorem.\nLorem lorem lorem. Lorem lorem lorem. Lorem lorem lorem.\nLorem lorem lorem. Lorem lorem lorem. Lorem lorem lorem.\nLorem lorem lorem. Lorem lorem lorem. Lorem lorem lorem.\nLorem lorem lorem. Lorem lorem lorem. Lorem lorem lorem.\n","publishDate":"2022-06-19T20:59:37.7154045+00:00"},{"id":30,"title":"Book 30","description":"Lorem lorem lorem. Lorem lorem lorem. Lorem lorem lorem.\n","pageCount":3000,"excerpt":"Lorem lorem lorem. Lorem lorem lorem. Lorem lorem lorem.\nLorem lorem lorem. Lorem lorem lorem. Lorem lorem lorem.\nLorem lorem lorem. Lorem lorem lorem. Lorem lorem lorem.\nLorem lorem lorem. Lorem lorem lorem. Lorem lorem lorem.\nLorem lorem lorem. Lorem lorem lorem. Lorem lorem lorem.\n","publishDate":"2022-06-18T20:59:37.7154161+00:00"},{"id":31,"title":"Book 31","description":"Lorem lorem lorem. Lorem lorem lorem. Lorem lorem lorem.\n","pageCount":3100,"excerpt":"Lorem lorem lorem. Lorem lorem lorem. Lorem lorem lorem.\nLorem lorem lorem. Lorem lorem lorem. Lorem lorem lorem.\nLorem lorem lorem. Lorem lorem lorem. Lorem lorem lorem.\nLorem lorem lorem. Lorem lorem lorem. Lorem lorem lorem.\nLorem lorem lorem. Lorem lorem lorem. Lorem lorem lorem.\n","publishDate":"2022-06-17T20:59:37.7154262+00:00"},{"id":32,"title":"Book 32","description":"Lorem lorem lorem. Lorem lorem lorem. Lorem lorem lorem.\n","pageCount":3200,"excerpt":"Lorem lorem lorem. Lorem lorem lorem. Lorem lorem lorem.\nLorem lorem lorem. Lorem lorem lorem. Lorem lorem lorem.\nLorem lorem lorem. Lorem lorem lorem. Lorem lorem lorem.\nLorem lorem lorem. Lorem lorem lorem. Lorem lorem lorem.\nLorem lorem lorem. Lorem lorem lorem. Lorem lorem lorem.\n","publishDate":"2022-06-16T20:59:37.7154364+00:00"},{"id":33,"title":"Book 33","description":"Lorem lorem lorem. Lorem lorem lorem. Lorem lorem lorem.\n","pageCount":3300,"excerpt":"Lorem lorem lorem. Lorem lorem lorem. Lorem lorem lorem.\nLorem lorem lorem. Lorem lorem lorem. Lorem lorem lorem.\nLorem lorem lorem. Lorem lorem lorem. Lorem lorem lorem.\nLorem lorem lorem. Lorem lorem lorem. Lorem lorem lorem.\nLorem lorem lorem. Lorem lorem lorem. Lorem lorem lorem.\n","publishDate":"2022-06-15T20:59:37.7154479+00:00"},{"id":34,"title":"Book 34","description":"Lorem lorem lorem. Lorem lorem lorem. Lorem lorem lorem.\n","pageCount":3400,"excerpt":"Lorem lorem lorem. Lorem lorem lorem. Lorem lorem lorem.\nLorem lorem lorem. Lorem lorem lorem. Lorem lorem lorem.\nLorem lorem lorem. Lorem lorem lorem. Lorem lorem lorem.\nLorem lorem lorem. Lorem lorem lorem. Lorem lorem lorem.\nLorem lorem lorem. Lorem lorem lorem. Lorem lorem lorem.\n","publishDate":"2022-06-14T20:59:37.7154582+00:00"},{"id":35,"title":"Book 35","description":"Lorem lorem lorem. Lorem lorem lorem. Lorem lorem lorem.\n","pageCount":3500,"excerpt":"Lorem lorem lorem. Lorem lorem lorem. Lorem lorem lorem.\nLorem lorem lorem. Lorem lorem lorem. Lorem lorem lorem.\nLorem lorem lorem. Lorem lorem lorem. Lorem lorem lorem.\nLorem lorem lorem. Lorem lorem lorem. Lorem lorem lorem.\nLorem lorem lorem. Lorem lorem lorem. Lorem lorem lorem.\n","publishDate":"2022-06-13T20:59:37.7154698+00:00"},{"id":36,"title":"Book 36","description":"Lorem lorem lorem. Lorem lorem lorem. Lorem lorem lorem.\n","pageCount":3600,"excerpt":"Lorem lorem lorem. Lorem lorem lorem. Lorem lorem lorem.\nLorem lorem lorem. Lorem lorem lorem. Lorem lorem lorem.\nLorem lorem lorem. Lorem lorem lorem. Lorem lorem lorem.\nLorem lorem lorem. Lorem lorem lorem. Lorem lorem lorem.\nLorem lorem lorem. Lorem lorem lorem. Lorem lorem lorem.\n","publishDate":"2022-06-12T20:59:37.7154799+00:00"},{"id":37,"title":"Book 37","description":"Lorem lorem lorem. Lorem lorem lorem. Lorem lorem lorem.\n","pageCount":3700,"excerpt":"Lorem lorem lorem. Lorem lorem lorem. Lorem lorem lorem.\nLorem lorem lorem. Lorem lorem lorem. Lorem lorem lorem.\nLorem lorem lorem. Lorem lorem lorem. Lorem lorem lorem.\nLorem lorem lorem. Lorem lorem lorem. Lorem lorem lorem.\nLorem lorem lorem. Lorem lorem lorem. Lorem lorem lorem.\n","publishDate":"2022-06-11T20:59:37.7154914+00:00"},{"id":38,"title":"Book 38","description":"Lorem lorem lorem. Lorem lorem lorem. Lorem lorem lorem.\n","pageCount":3800,"excerpt":"Lorem lorem lorem. Lorem lorem lorem. Lorem lorem lorem.\nLorem lorem lorem. Lorem lorem lorem. Lorem lorem lorem.\nLorem lorem lorem. Lorem lorem lorem. Lorem lorem lorem.\nLorem lorem lorem. Lorem lorem lorem. Lorem lorem lorem.\nLorem lorem lorem. Lorem lorem lorem. Lorem lorem lorem.\n","publishDate":"2022-06-10T20:59:37.7155015+00:00"},{"id":39,"title":"Book 39","description":"Lorem lorem lorem. Lorem lorem lorem. Lorem lorem lorem.\n","pageCount":3900,"excerpt":"Lorem lorem lorem. Lorem lorem lorem. Lorem lorem lorem.\nLorem lorem lorem. Lorem lorem lorem. Lorem lorem lorem.\nLorem lorem lorem. Lorem lorem lorem. Lorem lorem lorem.\nLorem lorem lorem. Lorem lorem lorem. Lorem lorem lorem.\nLorem lorem lorem. Lorem lorem lorem. Lorem lorem lorem.\n","publishDate":"2022-06-09T20:59:37.7155133+00:00"},{"id":40,"title":"Book 40","description":"Lorem lorem lorem. Lorem lorem lorem. Lorem lorem lorem.\n","pageCount":4000,"excerpt":"Lorem lorem lorem. Lorem lorem lorem. Lorem lorem lorem.\nLorem lorem lorem. Lorem lorem lorem. Lorem lorem lorem.\nLorem lorem lorem. Lorem lorem lorem. Lorem lorem lorem.\nLorem lorem lorem. Lorem lorem lorem. Lorem lorem lorem.\nLorem lorem lorem. Lorem lorem lorem. Lorem lorem lorem.\n","publishDate":"2022-06-08T20:59:37.7155233+00:00"},{"id":41,"title":"Book 41","description":"Lorem lorem lorem. Lorem lorem lorem. Lorem lorem lorem.\n","pageCount":4100,"excerpt":"Lorem lorem lorem. Lorem lorem lorem. Lorem lorem lorem.\nLorem lorem lorem. Lorem lorem lorem. Lorem lorem lorem.\nLorem lorem lorem. Lorem lorem lorem. Lorem lorem lorem.\nLorem lorem lorem. Lorem lorem lorem. Lorem lorem lorem.\nLorem lorem lorem. Lorem lorem lorem. Lorem lorem lorem.\n","publishDate":"2022-06-07T20:59:37.715535+00:00"},{"id":42,"title":"Book 42","description":"Lorem lorem lorem. Lorem lorem lorem. Lorem lorem lorem.\n","pageCount":4200,"excerpt":"Lorem lorem lorem. Lorem lorem lorem. Lorem lorem lorem.\nLorem lorem lorem. Lorem lorem lorem. Lorem lorem lorem.\nLorem lorem lorem. Lorem lorem lorem. Lorem lorem lorem.\nLorem lorem lorem. Lorem lorem lorem. Lorem lorem lorem.\nLorem lorem lorem. Lorem lorem lorem. Lorem lorem lorem.\n","publishDate":"2022-06-06T20:59:37.715545+00:00"},{"id":43,"title":"Book 43","description":"Lorem lorem lorem. Lorem lorem lorem. Lorem lorem lorem.\n","pageCount":4300,"excerpt":"Lorem lorem lorem. Lorem lorem lorem. Lorem lorem lorem.\nLorem lorem lorem. Lorem lorem lorem. Lorem lorem lorem.\nLorem lorem lorem. Lorem lorem lorem. Lorem lorem lorem.\nLorem lorem lorem. Lorem lorem lorem. Lorem lorem lorem.\nLorem lorem lorem. Lorem lorem lorem. Lorem lorem lorem.\n","publishDate":"2022-06-05T20:59:37.7155568+00:00"},{"id":44,"title":"Book 44","description":"Lorem lorem lorem. Lorem lorem lorem. Lorem lorem lorem.\n","pageCount":4400,"excerpt":"Lorem lorem lorem. Lorem lorem lorem. Lorem lorem lorem.\nLorem lorem lorem. Lorem lorem lorem. Lorem lorem lorem.\nLorem lorem lorem. Lorem lorem lorem. Lorem lorem lorem.\nLorem lorem lorem. Lorem lorem lorem. Lorem lorem lorem.\nLorem lorem lorem. Lorem lorem lorem. Lorem lorem lorem.\n","publishDate":"2022-06-04T20:59:37.7155671+00:00"},{"id":45,"title":"Book 45","description":"Lorem lorem lorem. Lorem lorem lorem. Lorem lorem lorem.\n","pageCount":4500,"excerpt":"Lorem lorem lorem. Lorem lorem lorem. Lorem lorem lorem.\nLorem lorem lorem. Lorem lorem lorem. Lorem lorem lorem.\nLorem lorem lorem. Lorem lorem lorem. Lorem lorem lorem.\nLorem lorem lorem. Lorem lorem lorem. Lorem lorem lorem.\nLorem lorem lorem. Lorem lorem lorem. Lorem lorem lorem.\n","publishDate":"2022-06-03T20:59:37.715579+00:00"},{"id":46,"title":"Book 46","description":"Lorem lorem lorem. Lorem lorem lorem. Lorem lorem lorem.\n","pageCount":4600,"excerpt":"Lorem lorem lorem. Lorem lorem lorem. Lorem lorem lorem.\nLorem lorem lorem. Lorem lorem lorem. Lorem lorem lorem.\nLorem lorem lorem. Lorem lorem lorem. Lorem lorem lorem.\nLorem lorem lorem. Lorem lorem lorem. Lorem lorem lorem.\nLorem lorem lorem. Lorem lorem lorem. Lorem lorem lorem.\n","publishDate":"2022-06-02T20:59:37.7155892+00:00"},{"id":47,"title":"Book 47","description":"Lorem lorem lorem. Lorem lorem lorem. Lorem lorem lorem.\n","pageCount":4700,"excerpt":"Lorem lorem lorem. Lorem lorem lorem. Lorem lorem lorem.\nLorem lorem lorem. Lorem lorem lorem. Lorem lorem lorem.\nLorem lorem lorem. Lorem lorem lorem. Lorem lorem lorem.\nLorem lorem lorem. Lorem lorem lorem. Lorem lorem lorem.\nLorem lorem lorem. Lorem lorem lorem. Lorem lorem lorem.\n","publishDate":"2022-06-01T20:59:37.7156011+00:00"},{"id":48,"title":"Book 48","description":"Lorem lorem lorem. Lorem lorem lorem. Lorem lorem lorem.\n","pageCount":4800,"excerpt":"Lorem lorem lorem. Lorem lorem lorem. Lorem lorem lorem.\nLorem lorem lorem. Lorem lorem lorem. Lorem lorem lorem.\nLorem lorem lorem. Lorem lorem lorem. Lorem lorem lorem.\nLorem lorem lorem. Lorem lorem lorem. Lorem lorem lorem.\nLorem lorem lorem. Lorem lorem lorem. Lorem lorem lorem.\n","publishDate":"2022-05-31T20:59:37.7156113+00:00"},{"id":49,"title":"Book 49","description":"Lorem lorem lorem. Lorem lorem lorem. Lorem lorem lorem.\n","pageCount":4900,"excerpt":"Lorem lorem lorem. Lorem lorem lorem. Lorem lorem lorem.\nLorem lorem lorem. Lorem lorem lorem. Lorem lorem lorem.\nLorem lorem lorem. Lorem lorem lorem. Lorem lorem lorem.\nLorem lorem lorem. Lorem lorem lorem. Lorem lorem lorem.\nLorem lorem lorem. Lorem lorem lorem. Lorem lorem lorem.\n","publishDate":"2022-05-30T20:59:37.7156216+00:00"},{"id":50,"title":"Book 50","description":"Lorem lorem lorem. Lorem lorem lorem. Lorem lorem lorem.\n","pageCount":5000,"excerpt":"Lorem lorem lorem. Lorem lorem lorem. Lorem lorem lorem.\nLorem lorem lorem. Lorem lorem lorem. Lorem lorem lorem.\nLorem lorem lorem. Lorem lorem lorem. Lorem lorem lorem.\nLorem lorem lorem. Lorem lorem lorem. Lorem lorem lorem.\nLorem lorem lorem. Lorem lorem lorem. Lorem lorem lorem.\n","publishDate":"2022-05-29T20:59:37.7156335+00:00"},{"id":51,"title":"Book 51","description":"Lorem lorem lorem. Lorem lorem lorem. Lorem lorem lorem.\n","pageCount":5100,"excerpt":"Lorem lorem lorem. Lorem lorem lorem. Lorem lorem lorem.\nLorem lorem lorem. Lorem lorem lorem. Lorem lorem lorem.\nLorem lorem lorem. Lorem lorem lorem. Lorem lorem lorem.\nLorem lorem lorem. Lorem lorem lorem. Lorem lorem lorem.\nLorem lorem lorem. Lorem lorem lorem. Lorem lorem lorem.\n","publishDate":"2022-05-28T20:59:37.7156435+00:00"},{"id":52,"title":"Book 52","description":"Lorem lorem lorem. Lorem lorem lorem. Lorem lorem lorem.\n","pageCount":5200,"excerpt":"Lorem lorem lorem. Lorem lorem lorem. Lorem lorem lorem.\nLorem lorem lorem. Lorem lorem lorem. Lorem lorem lorem.\nLorem lorem lorem. Lorem lorem lorem. Lorem lorem lorem.\nLorem lorem lorem. Lorem lorem lorem. Lorem lorem lorem.\nLorem lorem lorem. Lorem lorem lorem. Lorem lorem lorem.\n","publishDate":"2022-05-27T20:59:37.7156551+00:00"},{"id":53,"title":"Book 53","description":"Lorem lorem lorem. Lorem lorem lorem. Lorem lorem lorem.\n","pageCount":5300,"excerpt":"Lorem lorem lorem. Lorem lorem lorem. Lorem lorem lorem.\nLorem lorem lorem. Lorem lorem lorem. Lorem lorem lorem.\nLorem lorem lorem. Lorem lorem lorem. Lorem lorem lorem.\nLorem lorem lorem. Lorem lorem lorem. Lorem lorem lorem.\nLorem lorem lorem. Lorem lorem lorem. Lorem lorem lorem.\n","publishDate":"2022-05-26T20:59:37.7156653+00:00"},{"id":54,"title":"Book 54","description":"Lorem lorem lorem. Lorem lorem lorem. Lorem lorem lorem.\n","pageCount":5400,"excerpt":"Lorem lorem lorem. Lorem lorem lorem. Lorem lorem lorem.\nLorem lorem lorem. Lorem lorem lorem. Lorem lorem lorem.\nLorem lorem lorem. Lorem lorem lorem. Lorem lorem lorem.\nLorem lorem lorem. Lorem lorem lorem. Lorem lorem lorem.\nLorem lorem lorem. Lorem lorem lorem. Lorem lorem lorem.\n","publishDate":"2022-05-25T20:59:37.7156775+00:00"},{"id":55,"title":"Book 55","description":"Lorem lorem lorem. Lorem lorem lorem. Lorem lorem lorem.\n","pageCount":5500,"excerpt":"Lorem lorem lorem. Lorem lorem lorem. Lorem lorem lorem.\nLorem lorem lorem. Lorem lorem lorem. Lorem lorem lorem.\nLorem lorem lorem. Lorem lorem lorem. Lorem lorem lorem.\nLorem lorem lorem. Lorem lorem lorem. Lorem lorem lorem.\nLorem lorem lorem. Lorem lorem lorem. Lorem lorem lorem.\n","publishDate":"2022-05-24T20:59:37.7156876+00:00"},{"id":56,"title":"Book 56","description":"Lorem lorem lorem. Lorem lorem lorem. Lorem lorem lorem.\n","pageCount":5600,"excerpt":"Lorem lorem lorem. Lorem lorem lorem. Lorem lorem lorem.\nLorem lorem lorem. Lorem lorem lorem. Lorem lorem lorem.\nLorem lorem lorem. Lorem lorem lorem. Lorem lorem lorem.\nLorem lorem lorem. Lorem lorem lorem. Lorem lorem lorem.\nLorem lorem lorem. Lorem lorem lorem. Lorem lorem lorem.\n","publishDate":"2022-05-23T20:59:37.7156994+00:00"},{"id":57,"title":"Book 57","description":"Lorem lorem lorem. Lorem lorem lorem. Lorem lorem lorem.\n","pageCount":5700,"excerpt":"Lorem lorem lorem. Lorem lorem lorem. Lorem lorem lorem.\nLorem lorem lorem. Lorem lorem lorem. Lorem lorem lorem.\nLorem lorem lorem. Lorem lorem lorem. Lorem lorem lorem.\nLorem lorem lorem. Lorem lorem lorem. Lorem lorem lorem.\nLorem lorem lorem. Lorem lorem lorem. Lorem lorem lorem.\n","publishDate":"2022-05-22T20:59:37.7157097+00:00"},{"id":58,"title":"Book 58","description":"Lorem lorem lorem. Lorem lorem lorem. Lorem lorem lorem.\n","pageCount":5800,"excerpt":"Lorem lorem lorem. Lorem lorem lorem. Lorem lorem lorem.\nLorem lorem lorem. Lorem lorem lorem. Lorem lorem lorem.\nLorem lorem lorem. Lorem lorem lorem. Lorem lorem lorem.\nLorem lorem lorem. Lorem lorem lorem. Lorem lorem lorem.\nLorem lorem lorem. Lorem lorem lorem. Lorem lorem lorem.\n","publishDate":"2022-05-21T20:59:37.7157214+00:00"},{"id":59,"title":"Book 59","description":"Lorem lorem lorem. Lorem lorem lorem. Lorem lorem lorem.\n","pageCount":5900,"excerpt":"Lorem lorem lorem. Lorem lorem lorem. Lorem lorem lorem.\nLorem lorem lorem. Lorem lorem lorem. Lorem lorem lorem.\nLorem lorem lorem. Lorem lorem lorem. Lorem lorem lorem.\nLorem lorem lorem. Lorem lorem lorem. Lorem lorem lorem.\nLorem lorem lorem. Lorem lorem lorem. Lorem lorem lorem.\n","publishDate":"2022-05-20T20:59:37.7157316+00:00"},{"id":60,"title":"Book 60","description":"Lorem lorem lorem. Lorem lorem lorem. Lorem lorem lorem.\n","pageCount":6000,"excerpt":"Lorem lorem lorem. Lorem lorem lorem. Lorem lorem lorem.\nLorem lorem lorem. Lorem lorem lorem. Lorem lorem lorem.\nLorem lorem lorem. Lorem lorem lorem. Lorem lorem lorem.\nLorem lorem lorem. Lorem lorem lorem. Lorem lorem lorem.\nLorem lorem lorem. Lorem lorem lorem. Lorem lorem lorem.\n","publishDate":"2022-05-19T20:59:37.7157433+00:00"},{"id":61,"title":"Book 61","description":"Lorem lorem lorem. Lorem lorem lorem. Lorem lorem lorem.\n","pageCount":6100,"excerpt":"Lorem lorem lorem. Lorem lorem lorem. Lorem lorem lorem.\nLorem lorem lorem. Lorem lorem lorem. Lorem lorem lorem.\nLorem lorem lorem. Lorem lorem lorem. Lorem lorem lorem.\nLorem lorem lorem. Lorem lorem lorem. Lorem lorem lorem.\nLorem lorem lorem. Lorem lorem lorem. Lorem lorem lorem.\n","publishDate":"2022-05-18T20:59:37.7157535+00:00"},{"id":62,"title":"Book 62","description":"Lorem lorem lorem. Lorem lorem lorem. Lorem lorem lorem.\n","pageCount":6200,"excerpt":"Lorem lorem lorem. Lorem lorem lorem. Lorem lorem lorem.\nLorem lorem lorem. Lorem lorem lorem. Lorem lorem lorem.\nLorem lorem lorem. Lorem lorem lorem. Lorem lorem lorem.\nLorem lorem lorem. Lorem lorem lorem. Lorem lorem lorem.\nLorem lorem lorem. Lorem lorem lorem. Lorem lorem lorem.\n","publishDate":"2022-05-17T20:59:37.7157636+00:00"},{"id":63,"title":"Book 63","description":"Lorem lorem lorem. Lorem lorem lorem. Lorem lorem lorem.\n","pageCount":6300,"excerpt":"Lorem lorem lorem. Lorem lorem lorem. Lorem lorem lorem.\nLorem lorem lorem. Lorem lorem lorem. Lorem lorem lorem.\nLorem lorem lorem. Lorem lorem lorem. Lorem lorem lorem.\nLorem lorem lorem. Lorem lorem lorem. Lorem lorem lorem.\nLorem lorem lorem. Lorem lorem lorem. Lorem lorem lorem.\n","publishDate":"2022-05-16T20:59:37.7157754+00:00"},{"id":64,"title":"Book 64","description":"Lorem lorem lorem. Lorem lorem lorem. Lorem lorem lorem.\n","pageCount":6400,"excerpt":"Lorem lorem lorem. Lorem lorem lorem. Lorem lorem lorem.\nLorem lorem lorem. Lorem lorem lorem. Lorem lorem lorem.\nLorem lorem lorem. Lorem lorem lorem. Lorem lorem lorem.\nLorem lorem lorem. Lorem lorem lorem. Lorem lorem lorem.\nLorem lorem lorem. Lorem lorem lorem. Lorem lorem lorem.\n","publishDate":"2022-05-15T20:59:37.7157854+00:00"},{"id":65,"title":"Book 65","description":"Lorem lorem lorem. Lorem lorem lorem. Lorem lorem lorem.\n","pageCount":6500,"excerpt":"Lorem lorem lorem. Lorem lorem lorem. Lorem lorem lorem.\nLorem lorem lorem. Lorem lorem lorem. Lorem lorem lorem.\nLorem lorem lorem. Lorem lorem lorem. Lorem lorem lorem.\nLorem lorem lorem. Lorem lorem lorem. Lorem lorem lorem.\nLorem lorem lorem. Lorem lorem lorem. Lorem lorem lorem.\n","publishDate":"2022-05-14T20:59:37.7157976+00:00"},{"id":66,"title":"Book 66","description":"Lorem lorem lorem. Lorem lorem lorem. Lorem lorem lorem.\n","pageCount":6600,"excerpt":"Lorem lorem lorem. Lorem lorem lorem. Lorem lorem lorem.\nLorem lorem lorem. Lorem lorem lorem. Lorem lorem lorem.\nLorem lorem lorem. Lorem lorem lorem. Lorem lorem lorem.\nLorem lorem lorem. Lorem lorem lorem. Lorem lorem lorem.\nLorem lorem lorem. Lorem lorem lorem. Lorem lorem lorem.\n","publishDate":"2022-05-13T20:59:37.7158081+00:00"},{"id":67,"title":"Book 67","description":"Lorem lorem lorem. Lorem lorem lorem. Lorem lorem lorem.\n","pageCount":6700,"excerpt":"Lorem lorem lorem. Lorem lorem lorem. Lorem lorem lorem.\nLorem lorem lorem. Lorem lorem lorem. Lorem lorem lorem.\nLorem lorem lorem. Lorem lorem lorem. Lorem lorem lorem.\nLorem lorem lorem. Lorem lorem lorem. Lorem lorem lorem.\nLorem lorem lorem. Lorem lorem lorem. Lorem lorem lorem.\n","publishDate":"2022-05-12T20:59:37.71582+00:00"},{"id":68,"title":"Book 68","description":"Lorem lorem lorem. Lorem lorem lorem. Lorem lorem lorem.\n","pageCount":6800,"excerpt":"Lorem lorem lorem. Lorem lorem lorem. Lorem lorem lorem.\nLorem lorem lorem. Lorem lorem lorem. Lorem lorem lorem.\nLorem lorem lorem. Lorem lorem lorem. Lorem lorem lorem.\nLorem lorem lorem. Lorem lorem lorem. Lorem lorem lorem.\nLorem lorem lorem. Lorem lorem lorem. Lorem lorem lorem.\n","publishDate":"2022-05-11T20:59:37.7158303+00:00"},{"id":69,"title":"Book 69","description":"Lorem lorem lorem. Lorem lorem lorem. Lorem lorem lorem.\n","pageCount":6900,"excerpt":"Lorem lorem lorem. Lorem lorem lorem. Lorem lorem lorem.\nLorem lorem lorem. Lorem lorem lorem. Lorem lorem lorem.\nLorem lorem lorem. Lorem lorem lorem. Lorem lorem lorem.\nLorem lorem lorem. Lorem lorem lorem. Lorem lorem lorem.\nLorem lorem lorem. Lorem lorem lorem. Lorem lorem lorem.\n","publishDate":"2022-05-10T20:59:37.7158424+00:00"},{"id":70,"title":"Book 70","description":"Lorem lorem lorem. Lorem lorem lorem. Lorem lorem lorem.\n","pageCount":7000,"excerpt":"Lorem lorem lorem. Lorem lorem lorem. Lorem lorem lorem.\nLorem lorem lorem. Lorem lorem lorem. Lorem lorem lorem.\nLorem lorem lorem. Lorem lorem lorem. Lorem lorem lorem.\nLorem lorem lorem. Lorem lorem lorem. Lorem lorem lorem.\nLorem lorem lorem. Lorem lorem lorem. Lorem lorem lorem.\n","publishDate":"2022-05-09T20:59:37.7158527+00:00"},{"id":71,"title":"Book 71","description":"Lorem lorem lorem. Lorem lorem lorem. Lorem lorem lorem.\n","pageCount":7100,"excerpt":"Lorem lorem lorem. Lorem lorem lorem. Lorem lorem lorem.\nLorem lorem lorem. Lorem lorem lorem. Lorem lorem lorem.\nLorem lorem lorem. Lorem lorem lorem. Lorem lorem lorem.\nLorem lorem lorem. Lorem lorem lorem. Lorem lorem lorem.\nLorem lorem lorem. Lorem lorem lorem. Lorem lorem lorem.\n","publishDate":"2022-05-08T20:59:37.7158647+00:00"},{"id":72,"title":"Book 72","description":"Lorem lorem lorem. Lorem lorem lorem. Lorem lorem lorem.\n","pageCount":7200,"excerpt":"Lorem lorem lorem. Lorem lorem lorem. Lorem lorem lorem.\nLorem lorem lorem. Lorem lorem lorem. Lorem lorem lorem.\nLorem lorem lorem. Lorem lorem lorem. Lorem lorem lorem.\nLorem lorem lorem. Lorem lorem lorem. Lorem lorem lorem.\nLorem lorem lorem. Lorem lorem lorem. Lorem lorem lorem.\n","publishDate":"2022-05-07T20:59:37.7158752+00:00"},{"id":73,"title":"Book 73","description":"Lorem lorem lorem. Lorem lorem lorem. Lorem lorem lorem.\n","pageCount":7300,"excerpt":"Lorem lorem lorem. Lorem lorem lorem. Lorem lorem lorem.\nLorem lorem lorem. Lorem lorem lorem. Lorem lorem lorem.\nLorem lorem lorem. Lorem lorem lorem. Lorem lorem lorem.\nLorem lorem lorem. Lorem lorem lorem. Lorem lorem lorem.\nLorem lorem lorem. Lorem lorem lorem. Lorem lorem lorem.\n","publishDate":"2022-05-06T20:59:37.7158872+00:00"},{"id":74,"title":"Book 74","description":"Lorem lorem lorem. Lorem lorem lorem. Lorem lorem lorem.\n","pageCount":7400,"excerpt":"Lorem lorem lorem. Lorem lorem lorem. Lorem lorem lorem.\nLorem lorem lorem. Lorem lorem lorem. Lorem lorem lorem.\nLorem lorem lorem. Lorem lorem lorem. Lorem lorem lorem.\nLorem lorem lorem. Lorem lorem lorem. Lorem lorem lorem.\nLorem lorem lorem. Lorem lorem lorem. Lorem lorem lorem.\n","publishDate":"2022-05-05T20:59:37.7158974+00:00"},{"id":75,"title":"Book 75","description":"Lorem lorem lorem. Lorem lorem lorem. Lorem lorem lorem.\n","pageCount":7500,"excerpt":"Lorem lorem lorem. Lorem lorem lorem. Lorem lorem lorem.\nLorem lorem lorem. Lorem lorem lorem. Lorem lorem lorem.\nLorem lorem lorem. Lorem lorem lorem. Lorem lorem lorem.\nLorem lorem lorem. Lorem lorem lorem. Lorem lorem lorem.\nLorem lorem lorem. Lorem lorem lorem. Lorem lorem lorem.\n","publishDate":"2022-05-04T20:59:37.7159096+00:00"},{"id":76,"title":"Book 76","description":"Lorem lorem lorem. Lorem lorem lorem. Lorem lorem lorem.\n","pageCount":7600,"excerpt":"Lorem lorem lorem. Lorem lorem lorem. Lorem lorem lorem.\nLorem lorem lorem. Lorem lorem lorem. Lorem lorem lorem.\nLorem lorem lorem. Lorem lorem lorem. Lorem lorem lorem.\nLorem lorem lorem. Lorem lorem lorem. Lorem lorem lorem.\nLorem lorem lorem. Lorem lorem lorem. Lorem lorem lorem.\n","publishDate":"2022-05-03T20:59:37.7159198+00:00"},{"id":77,"title":"Book 77","description":"Lorem lorem lorem. Lorem lorem lorem. Lorem lorem lorem.\n","pageCount":7700,"excerpt":"Lorem lorem lorem. Lorem lorem lorem. Lorem lorem lorem.\nLorem lorem lorem. Lorem lorem lorem. Lorem lorem lorem.\nLorem lorem lorem. Lorem lorem lorem. Lorem lorem lorem.\nLorem lorem lorem. Lorem lorem lorem. Lorem lorem lorem.\nLorem lorem lorem. Lorem lorem lorem. Lorem lorem lorem.\n","publishDate":"2022-05-02T20:59:37.7159316+00:00"},{"id":78,"title":"Book 78","description":"Lorem lorem lorem. Lorem lorem lorem. Lorem lorem lorem.\n","pageCount":7800,"excerpt":"Lorem lorem lorem. Lorem lorem lorem. Lorem lorem lorem.\nLorem lorem lorem. Lorem lorem lorem. Lorem lorem lorem.\nLorem lorem lorem. Lorem lorem lorem. Lorem lorem lorem.\nLorem lorem lorem. Lorem lorem lorem. Lorem lorem lorem.\nLorem lorem lorem. Lorem lorem lorem. Lorem lorem lorem.\n","publishDate":"2022-05-01T20:59:37.7159417+00:00"},{"id":79,"title":"Book 79","description":"Lorem lorem lorem. Lorem lorem lorem. Lorem lorem lorem.\n","pageCount":7900,"excerpt":"Lorem lorem lorem. Lorem lorem lorem. Lorem lorem lorem.\nLorem lorem lorem. Lorem lorem lorem. Lorem lorem lorem.\nLorem lorem lorem. Lorem lorem lorem. Lorem lorem lorem.\nLorem lorem lorem. Lorem lorem lorem. Lorem lorem lorem.\nLorem lorem lorem. Lorem lorem lorem. Lorem lorem lorem.\n","publishDate":"2022-04-30T20:59:37.7159518+00:00"},{"id":80,"title":"Book 80","description":"Lorem lorem lorem. Lorem lorem lorem. Lorem lorem lorem.\n","pageCount":8000,"excerpt":"Lorem lorem lorem. Lorem lorem lorem. Lorem lorem lorem.\nLorem lorem lorem. Lorem lorem lorem. Lorem lorem lorem.\nLorem lorem lorem. Lorem lorem lorem. Lorem lorem lorem.\nLorem lorem lorem. Lorem lorem lorem. Lorem lorem lorem.\nLorem lorem lorem. Lorem lorem lorem. Lorem lorem lorem.\n","publishDate":"2022-04-29T20:59:37.7159635+00:00"},{"id":81,"title":"Book 81","description":"Lorem lorem lorem. Lorem lorem lorem. Lorem lorem lorem.\n","pageCount":8100,"excerpt":"Lorem lorem lorem. Lorem lorem lorem. Lorem lorem lorem.\nLorem lorem lorem. Lorem lorem lorem. Lorem lorem lorem.\nLorem lorem lorem. Lorem lorem lorem. Lorem lorem lorem.\nLorem lorem lorem. Lorem lorem lorem. Lorem lorem lorem.\nLorem lorem lorem. Lorem lorem lorem. Lorem lorem lorem.\n","publishDate":"2022-04-28T20:59:37.7159737+00:00"},{"id":82,"title":"Book 82","description":"Lorem lorem lorem. Lorem lorem lorem. Lorem lorem lorem.\n","pageCount":8200,"excerpt":"Lorem lorem lorem. Lorem lorem lorem. Lorem lorem lorem.\nLorem lorem lorem. Lorem lorem lorem. Lorem lorem lorem.\nLorem lorem lorem. Lorem lorem lorem. Lorem lorem lorem.\nLorem lorem lorem. Lorem lorem lorem. Lorem lorem lorem.\nLorem lorem lorem. Lorem lorem lorem. Lorem lorem lorem.\n","publishDate":"2022-04-27T20:59:37.7159854+00:00"},{"id":83,"title":"Book 83","description":"Lorem lorem lorem. Lorem lorem lorem. Lorem lorem lorem.\n","pageCount":8300,"excerpt":"Lorem lorem lorem. Lorem lorem lorem. Lorem lorem lorem.\nLorem lorem lorem. Lorem lorem lorem. Lorem lorem lorem.\nLorem lorem lorem. Lorem lorem lorem. Lorem lorem lorem.\nLorem lorem lorem. Lorem lorem lorem. Lorem lorem lorem.\nLorem lorem lorem. Lorem lorem lorem. Lorem lorem lorem.\n","publishDate":"2022-04-26T20:59:37.7159956+00:00"},{"id":84,"title":"Book 84","description":"Lorem lorem lorem. Lorem lorem lorem. Lorem lorem lorem.\n","pageCount":8400,"excerpt":"Lorem lorem lorem. Lorem lorem lorem. Lorem lorem lorem.\nLorem lorem lorem. Lorem lorem lorem. Lorem lorem lorem.\nLorem lorem lorem. Lorem lorem lorem. Lorem lorem lorem.\nLorem lorem lorem. Lorem lorem lorem. Lorem lorem lorem.\nLorem lorem lorem. Lorem lorem lorem. Lorem lorem lorem.\n","publishDate":"2022-04-25T20:59:37.7160075+00:00"},{"id":85,"title":"Book 85","description":"Lorem lorem lorem. Lorem lorem lorem. Lorem lorem lorem.\n","pageCount":8500,"excerpt":"Lorem lorem lorem. Lorem lorem lorem. Lorem lorem lorem.\nLorem lorem lorem. Lorem lorem lorem. Lorem lorem lorem.\nLorem lorem lorem. Lorem lorem lorem. Lorem lorem lorem.\nLorem lorem lorem. Lorem lorem lorem. Lorem lorem lorem.\nLorem lorem lorem. Lorem lorem lorem. Lorem lorem lorem.\n","publishDate":"2022-04-24T20:59:37.7160176+00:00"},{"id":86,"title":"Book 86","description":"Lorem lorem lorem. Lorem lorem lorem. Lorem lorem lorem.\n","pageCount":8600,"excerpt":"Lorem lorem lorem. Lorem lorem lorem. Lorem lorem lorem.\nLorem lorem lorem. Lorem lorem lorem. Lorem lorem lorem.\nLorem lorem lorem. Lorem lorem lorem. Lorem lorem lorem.\nLorem lorem lorem. Lorem lorem lorem. Lorem lorem lorem.\nLorem lorem lorem. Lorem lorem lorem. Lorem lorem lorem.\n","publishDate":"2022-04-23T20:59:37.7160295+00:00"},{"id":87,"title":"Book 87","description":"Lorem lorem lorem. Lorem lorem lorem. Lorem lorem lorem.\n","pageCount":8700,"excerpt":"Lorem lorem lorem. Lorem lorem lorem. Lorem lorem lorem.\nLorem lorem lorem. Lorem lorem lorem. Lorem lorem lorem.\nLorem lorem lorem. Lorem lorem lorem. Lorem lorem lorem.\nLorem lorem lorem. Lorem lorem lorem. Lorem lorem lorem.\nLorem lorem lorem. Lorem lorem lorem. Lorem lorem lorem.\n","publishDate":"2022-04-22T20:59:37.7160397+00:00"},{"id":88,"title":"Book 88","description":"Lorem lorem lorem. Lorem lorem lorem. Lorem lorem lorem.\n","pageCount":8800,"excerpt":"Lorem lorem lorem. Lorem lorem lorem. Lorem lorem lorem.\nLorem lorem lorem. Lorem lorem lorem. Lorem lorem lorem.\nLorem lorem lorem. Lorem lorem lorem. Lorem lorem lorem.\nLorem lorem lorem. Lorem lorem lorem. Lorem lorem lorem.\nLorem lorem lorem. Lorem lorem lorem. Lorem lorem lorem.\n","publishDate":"2022-04-21T20:59:37.7160514+00:00"},{"id":89,"title":"Book 89","description":"Lorem lorem lorem. Lorem lorem lorem. Lorem lorem lorem.\n","pageCount":8900,"excerpt":"Lorem lorem lorem. Lorem lorem lorem. Lorem lorem lorem.\nLorem lorem lorem. Lorem lorem lorem. Lorem lorem lorem.\nLorem lorem lorem. Lorem lorem lorem. Lorem lorem lorem.\nLorem lorem lorem. Lorem lorem lorem. Lorem lorem lorem.\nLorem lorem lorem. Lorem lorem lorem. Lorem lorem lorem.\n","publishDate":"2022-04-20T20:59:37.7160616+00:00"},{"id":90,"title":"Book 90","description":"Lorem lorem lorem. Lorem lorem lorem. Lorem lorem lorem.\n","pageCount":9000,"excerpt":"Lorem lorem lorem. Lorem lorem lorem. Lorem lorem lorem.\nLorem lorem lorem. Lorem lorem lorem. Lorem lorem lorem.\nLorem lorem lorem. Lorem lorem lorem. Lorem lorem lorem.\nLorem lorem lorem. Lorem lorem lorem. Lorem lorem lorem.\nLorem lorem lorem. Lorem lorem lorem. Lorem lorem lorem.\n","publishDate":"2022-04-19T20:59:37.7160734+00:00"},{"id":91,"title":"Book 91","description":"Lorem lorem lorem. Lorem lorem lorem. Lorem lorem lorem.\n","pageCount":9100,"excerpt":"Lorem lorem lorem. Lorem lorem lorem. Lorem lorem lorem.\nLorem lorem lorem. Lorem lorem lorem. Lorem lorem lorem.\nLorem lorem lorem. Lorem lorem lorem. Lorem lorem lorem.\nLorem lorem lorem. Lorem lorem lorem. Lorem lorem lorem.\nLorem lorem lorem. Lorem lorem lorem. Lorem lorem lorem.\n","publishDate":"2022-04-18T20:59:37.716084+00:00"},{"id":92,"title":"Book 92","description":"Lorem lorem lorem. Lorem lorem lorem. Lorem lorem lorem.\n","pageCount":9200,"excerpt":"Lorem lorem lorem. Lorem lorem lorem. Lorem lorem lorem.\nLorem lorem lorem. Lorem lorem lorem. Lorem lorem lorem.\nLorem lorem lorem. Lorem lorem lorem. Lorem lorem lorem.\nLorem lorem lorem. Lorem lorem lorem. Lorem lorem lorem.\nLorem lorem lorem. Lorem lorem lorem. Lorem lorem lorem.\n","publishDate":"2022-04-17T20:59:37.7160956+00:00"},{"id":93,"title":"Book 93","description":"Lorem lorem lorem. Lorem lorem lorem. Lorem lorem lorem.\n","pageCount":9300,"excerpt":"Lorem lorem lorem. Lorem lorem lorem. Lorem lorem lorem.\nLorem lorem lorem. Lorem lorem lorem. Lorem lorem lorem.\nLorem lorem lorem. Lorem lorem lorem. Lorem lorem lorem.\nLorem lorem lorem. Lorem lorem lorem. Lorem lorem lorem.\nLorem lorem lorem. Lorem lorem lorem. Lorem lorem lorem.\n","publishDate":"2022-04-16T20:59:37.7161059+00:00"},{"id":94,"title":"Book 94","description":"Lorem lorem lorem. Lorem lorem lorem. Lorem lorem lorem.\n","pageCount":9400,"excerpt":"Lorem lorem lorem. Lorem lorem lorem. Lorem lorem lorem.\nLorem lorem lorem. Lorem lorem lorem. Lorem lorem lorem.\nLorem lorem lorem. Lorem lorem lorem. Lorem lorem lorem.\nLorem lorem lorem. Lorem lorem lorem. Lorem lorem lorem.\nLorem lorem lorem. Lorem lorem lorem. Lorem lorem lorem.\n","publishDate":"2022-04-15T20:59:37.716116+00:00"},{"id":95,"title":"Book 95","description":"Lorem lorem lorem. Lorem lorem lorem. Lorem lorem lorem.\n","pageCount":9500,"excerpt":"Lorem lorem lorem. Lorem lorem lorem. Lorem lorem lorem.\nLorem lorem lorem. Lorem lorem lorem. Lorem lorem lorem.\nLorem lorem lorem. Lorem lorem lorem. Lorem lorem lorem.\nLorem lorem lorem. Lorem lorem lorem. Lorem lorem lorem.\nLorem lorem lorem. Lorem lorem lorem. Lorem lorem lorem.\n","publishDate":"2022-04-14T20:59:37.7161279+00:00"},{"id":96,"title":"Book 96","description":"Lorem lorem lorem. Lorem lorem lorem. Lorem lorem lorem.\n","pageCount":9600,"excerpt":"Lorem lorem lorem. Lorem lorem lorem. Lorem lorem lorem.\nLorem lorem lorem. Lorem lorem lorem. Lorem lorem lorem.\nLorem lorem lorem. Lorem lorem lorem. Lorem lorem lorem.\nLorem lorem lorem. Lorem lorem lorem. Lorem lorem lorem.\nLorem lorem lorem. Lorem lorem lorem. Lorem lorem lorem.\n","publishDate":"2022-04-13T20:59:37.7161381+00:00"},{"id":97,"title":"Book 97","description":"Lorem lorem lorem. Lorem lorem lorem. Lorem lorem lorem.\n","pageCount":9700,"excerpt":"Lorem lorem lorem. Lorem lorem lorem. Lorem lorem lorem.\nLorem lorem lorem. Lorem lorem lorem. Lorem lorem lorem.\nLorem lorem lorem. Lorem lorem lorem. Lorem lorem lorem.\nLorem lorem lorem. Lorem lorem lorem. Lorem lorem lorem.\nLorem lorem lorem. Lorem lorem lorem. Lorem lorem lorem.\n","publishDate":"2022-04-12T20:59:37.7161596+00:00"},{"id":98,"title":"Book 98","description":"Lorem lorem lorem. Lorem lorem lorem. Lorem lorem lorem.\n","pageCount":9800,"excerpt":"Lorem lorem lorem. Lorem lorem lorem. Lorem lorem lorem.\nLorem lorem lorem. Lorem lorem lorem. Lorem lorem lorem.\nLorem lorem lorem. Lorem lorem lorem. Lorem lorem lorem.\nLorem lorem lorem. Lorem lorem lorem. Lorem lorem lorem.\nLorem lorem lorem. Lorem lorem lorem. Lorem lorem lorem.\n","publishDate":"2022-04-11T20:59:37.7161687+00:00"},{"id":99,"title":"Book 99","description":"Lorem lorem lorem. Lorem lorem lorem. Lorem lorem lorem.\n","pageCount":9900,"excerpt":"Lorem lorem lorem. Lorem lorem lorem. Lorem lorem lorem.\nLorem lorem lorem. Lorem lorem lorem. Lorem lorem lorem.\nLorem lorem lorem. Lorem lorem lorem. Lorem lorem lorem.\nLorem lorem lorem. Lorem lorem lorem. Lorem lorem lorem.\nLorem lorem lorem. Lorem lorem lorem. Lorem lorem lorem.\n","publishDate":"2022-04-10T20:59:37.7161795+00:00"},{"id":100,"title":"Book 100","description":"Lorem lorem lorem. Lorem lorem lorem. Lorem lorem lorem.\n","pageCount":10000,"excerpt":"Lorem lorem lorem. Lorem lorem lorem. Lorem lorem lorem.\nLorem lorem lorem. Lorem lorem lorem. Lorem lorem lorem.\nLorem lorem lorem. Lorem lorem lorem. Lorem lorem lorem.\nLorem lorem lorem. Lorem lorem lorem. Lorem lorem lorem.\nLorem lorem lorem. Lorem lorem lorem. Lorem lorem lorem.\n","publishDate":"2022-04-09T20:59:37.7161885+00:00"},{"id":101,"title":"Book 101","description":"Lorem lorem lorem. Lorem lorem lorem. Lorem lorem lorem.\n","pageCount":10100,"excerpt":"Lorem lorem lorem. Lorem lorem lorem. Lorem lorem lorem.\nLorem lorem lorem. Lorem lorem lorem. Lorem lorem lorem.\nLorem lorem lorem. Lorem lorem lorem. Lorem lorem lorem.\nLorem lorem lorem. Lorem lorem lorem. Lorem lorem lorem.\nLorem lorem lorem. Lorem lorem lorem. Lorem lorem lorem.\n","publishDate":"2022-04-08T20:59:37.716199+00:00"},{"id":102,"title":"Book 102","description":"Lorem lorem lorem. Lorem lorem lorem. Lorem lorem lorem.\n","pageCount":10200,"excerpt":"Lorem lorem lorem. Lorem lorem lorem. Lorem lorem lorem.\nLorem lorem lorem. Lorem lorem lorem. Lorem lorem lorem.\nLorem lorem lorem. Lorem lorem lorem. Lorem lorem lorem.\nLorem lorem lorem. Lorem lorem lorem. Lorem lorem lorem.\nLorem lorem lorem. Lorem lorem lorem. Lorem lorem lorem.\n","publishDate":"2022-04-07T20:59:37.7162078+00:00"},{"id":103,"title":"Book 103","description":"Lorem lorem lorem. Lorem lorem lorem. Lorem lorem lorem.\n","pageCount":10300,"excerpt":"Lorem lorem lorem. Lorem lorem lorem. Lorem lorem lorem.\nLorem lorem lorem. Lorem lorem lorem. Lorem lorem lorem.\nLorem lorem lorem. Lorem lorem lorem. Lorem lorem lorem.\nLorem lorem lorem. Lorem lorem lorem. Lorem lorem lorem.\nLorem lorem lorem. Lorem lorem lorem. Lorem lorem lorem.\n","publishDate":"2022-04-06T20:59:37.7162185+00:00"},{"id":104,"title":"Book 104","description":"Lorem lorem lorem. Lorem lorem lorem. Lorem lorem lorem.\n","pageCount":10400,"excerpt":"Lorem lorem lorem. Lorem lorem lorem. Lorem lorem lorem.\nLorem lorem lorem. Lorem lorem lorem. Lorem lorem lorem.\nLorem lorem lorem. Lorem lorem lorem. Lorem lorem lorem.\nLorem lorem lorem. Lorem lorem lorem. Lorem lorem lorem.\nLorem lorem lorem. Lorem lorem lorem. Lorem lorem lorem.\n","publishDate":"2022-04-05T20:59:37.7162275+00:00"},{"id":105,"title":"Book 105","description":"Lorem lorem lorem. Lorem lorem lorem. Lorem lorem lorem.\n","pageCount":10500,"excerpt":"Lorem lorem lorem. Lorem lorem lorem. Lorem lorem lorem.\nLorem lorem lorem. Lorem lorem lorem. Lorem lorem lorem.\nLorem lorem lorem. Lorem lorem lorem. Lorem lorem lorem.\nLorem lorem lorem. Lorem lorem lorem. Lorem lorem lorem.\nLorem lorem lorem. Lorem lorem lorem. Lorem lorem lorem.\n","publishDate":"2022-04-04T20:59:37.7162381+00:00"},{"id":106,"title":"Book 106","description":"Lorem lorem lorem. Lorem lorem lorem. Lorem lorem lorem.\n","pageCount":10600,"excerpt":"Lorem lorem lorem. Lorem lorem lorem. Lorem lorem lorem.\nLorem lorem lorem. Lorem lorem lorem. Lorem lorem lorem.\nLorem lorem lorem. Lorem lorem lorem. Lorem lorem lorem.\nLorem lorem lorem. Lorem lorem lorem. Lorem lorem lorem.\nLorem lorem lorem. Lorem lorem lorem. Lorem lorem lorem.\n","publishDate":"2022-04-03T20:59:37.7162471+00:00"},{"id":107,"title":"Book 107","description":"Lorem lorem lorem. Lorem lorem lorem. Lorem lorem lorem.\n","pageCount":10700,"excerpt":"Lorem lorem lorem. Lorem lorem lorem. Lorem lorem lorem.\nLorem lorem lorem. Lorem lorem lorem. Lorem lorem lorem.\nLorem lorem lorem. Lorem lorem lorem. Lorem lorem lorem.\nLorem lorem lorem. Lorem lorem lorem. Lorem lorem lorem.\nLorem lorem lorem. Lorem lorem lorem. Lorem lorem lorem.\n","publishDate":"2022-04-02T20:59:37.716256+00:00"},{"id":108,"title":"Book 108","description":"Lorem lorem lorem. Lorem lorem lorem. Lorem lorem lorem.\n","pageCount":10800,"excerpt":"Lorem lorem lorem. Lorem lorem lorem. Lorem lorem lorem.\nLorem lorem lorem. Lorem lorem lorem. Lorem lorem lorem.\nLorem lorem lorem. Lorem lorem lorem. Lorem lorem lorem.\nLorem lorem lorem. Lorem lorem lorem. Lorem lorem lorem.\nLorem lorem lorem. Lorem lorem lorem. Lorem lorem lorem.\n","publishDate":"2022-04-01T20:59:37.7162665+00:00"},{"id":109,"title":"Book 109","description":"Lorem lorem lorem. Lorem lorem lorem. Lorem lorem lorem.\n","pageCount":10900,"excerpt":"Lorem lorem lorem. Lorem lorem lorem. Lorem lorem lorem.\nLorem lorem lorem. Lorem lorem lorem. Lorem lorem lorem.\nLorem lorem lorem. Lorem lorem lorem. Lorem lorem lorem.\nLorem lorem lorem. Lorem lorem lorem. Lorem lorem lorem.\nLorem lorem lorem. Lorem lorem lorem. Lorem lorem lorem.\n","publishDate":"2022-03-31T20:59:37.7162758+00:00"},{"id":110,"title":"Book 110","description":"Lorem lorem lorem. Lorem lorem lorem. Lorem lorem lorem.\n","pageCount":11000,"excerpt":"Lorem lorem lorem. Lorem lorem lorem. Lorem lorem lorem.\nLorem lorem lorem. Lorem lorem lorem. Lorem lorem lorem.\nLorem lorem lorem. Lorem lorem lorem. Lorem lorem lorem.\nLorem lorem lorem. Lorem lorem lorem. Lorem lorem lorem.\nLorem lorem lorem. Lorem lorem lorem. Lorem lorem lorem.\n","publishDate":"2022-03-30T20:59:37.7162862+00:00"},{"id":111,"title":"Book 111","description":"Lorem lorem lorem. Lorem lorem lorem. Lorem lorem lorem.\n","pageCount":11100,"excerpt":"Lorem lorem lorem. Lorem lorem lorem. Lorem lorem lorem.\nLorem lorem lorem. Lorem lorem lorem. Lorem lorem lorem.\nLorem lorem lorem. Lorem lorem lorem. Lorem lorem lorem.\nLorem lorem lorem. Lorem lorem lorem. Lorem lorem lorem.\nLorem lorem lorem. Lorem lorem lorem. Lorem lorem lorem.\n","publishDate":"2022-03-29T20:59:37.7162951+00:00"},{"id":112,"title":"Book 112","description":"Lorem lorem lorem. Lorem lorem lorem. Lorem lorem lorem.\n","pageCount":11200,"excerpt":"Lorem lorem lorem. Lorem lorem lorem. Lorem lorem lorem.\nLorem lorem lorem. Lorem lorem lorem. Lorem lorem lorem.\nLorem lorem lorem. Lorem lorem lorem. Lorem lorem lorem.\nLorem lorem lorem. Lorem lorem lorem. Lorem lorem lorem.\nLorem lorem lorem. Lorem lorem lorem. Lorem lorem lorem.\n","publishDate":"2022-03-28T20:59:37.7163062+00:00"},{"id":113,"title":"Book 113","description":"Lorem lorem lorem. Lorem lorem lorem. Lorem lorem lorem.\n","pageCount":11300,"excerpt":"Lorem lorem lorem. Lorem lorem lorem. Lorem lorem lorem.\nLorem lorem lorem. Lorem lorem lorem. Lorem lorem lorem.\nLorem lorem lorem. Lorem lorem lorem. Lorem lorem lorem.\nLorem lorem lorem. Lorem lorem lorem. Lorem lorem lorem.\nLorem lorem lorem. Lorem lorem lorem. Lorem lorem lorem.\n","publishDate":"2022-03-27T20:59:37.7163151+00:00"},{"id":114,"title":"Book 114","description":"Lorem lorem lorem. Lorem lorem lorem. Lorem lorem lorem.\n","pageCount":11400,"excerpt":"Lorem lorem lorem. Lorem lorem lorem. Lorem lorem lorem.\nLorem lorem lorem. Lorem lorem lorem. Lorem lorem lorem.\nLorem lorem lorem. Lorem lorem lorem. Lorem lorem lorem.\nLorem lorem lorem. Lorem lorem lorem. Lorem lorem lorem.\nLorem lorem lorem. Lorem lorem lorem. Lorem lorem lorem.\n","publishDate":"2022-03-26T20:59:37.7163257+00:00"},{"id":115,"title":"Book 115","description":"Lorem lorem lorem. Lorem lorem lorem. Lorem lorem lorem.\n","pageCount":11500,"excerpt":"Lorem lorem lorem. Lorem lorem lorem. Lorem lorem lorem.\nLorem lorem lorem. Lorem lorem lorem. Lorem lorem lorem.\nLorem lorem lorem. Lorem lorem lorem. Lorem lorem lorem.\nLorem lorem lorem. Lorem lorem lorem. Lorem lorem lorem.\nLorem lorem lorem. Lorem lorem lorem. Lorem lorem lorem.\n","publishDate":"2022-03-25T20:59:37.7163347+00:00"},{"id":116,"title":"Book 116","description":"Lorem lorem lorem. Lorem lorem lorem. Lorem lorem lorem.\n","pageCount":11600,"excerpt":"Lorem lorem lorem. Lorem lorem lorem. Lorem lorem lorem.\nLorem lorem lorem. Lorem lorem lorem. Lorem lorem lorem.\nLorem lorem lorem. Lorem lorem lorem. Lorem lorem lorem.\nLorem lorem lorem. Lorem lorem lorem. Lorem lorem lorem.\nLorem lorem lorem. Lorem lorem lorem. Lorem lorem lorem.\n","publishDate":"2022-03-24T20:59:37.7163454+00:00"},{"id":117,"title":"Book 117","description":"Lorem lorem lorem. Lorem lorem lorem. Lorem lorem lorem.\n","pageCount":11700,"excerpt":"Lorem lorem lorem. Lorem lorem lorem. Lorem lorem lorem.\nLorem lorem lorem. Lorem lorem lorem. Lorem lorem lorem.\nLorem lorem lorem. Lorem lorem lorem. Lorem lorem lorem.\nLorem lorem lorem. Lorem lorem lorem. Lorem lorem lorem.\nLorem lorem lorem. Lorem lorem lorem. Lorem lorem lorem.\n","publishDate":"2022-03-23T20:59:37.7163544+00:00"},{"id":118,"title":"Book 118","description":"Lorem lorem lorem. Lorem lorem lorem. Lorem lorem lorem.\n","pageCount":11800,"excerpt":"Lorem lorem lorem. Lorem lorem lorem. Lorem lorem lorem.\nLorem lorem lorem. Lorem lorem lorem. Lorem lorem lorem.\nLorem lorem lorem. Lorem lorem lorem. Lorem lorem lorem.\nLorem lorem lorem. Lorem lorem lorem. Lorem lorem lorem.\nLorem lorem lorem. Lorem lorem lorem. Lorem lorem lorem.\n","publishDate":"2022-03-22T20:59:37.716365+00:00"},{"id":119,"title":"Book 119","description":"Lorem lorem lorem. Lorem lorem lorem. Lorem lorem lorem.\n","pageCount":11900,"excerpt":"Lorem lorem lorem. Lorem lorem lorem. Lorem lorem lorem.\nLorem lorem lorem. Lorem lorem lorem. Lorem lorem lorem.\nLorem lorem lorem. Lorem lorem lorem. Lorem lorem lorem.\nLorem lorem lorem. Lorem lorem lorem. Lorem lorem lorem.\nLorem lorem lorem. Lorem lorem lorem. Lorem lorem lorem.\n","publishDate":"2022-03-21T20:59:37.7163741+00:00"},{"id":120,"title":"Book 120","description":"Lorem lorem lorem. Lorem lorem lorem. Lorem lorem lorem.\n","pageCount":12000,"excerpt":"Lorem lorem lorem. Lorem lorem lorem. Lorem lorem lorem.\nLorem lorem lorem. Lorem lorem lorem. Lorem lorem lorem.\nLorem lorem lorem. Lorem lorem lorem. Lorem lorem lorem.\nLorem lorem lorem. Lorem lorem lorem. Lorem lorem lorem.\nLorem lorem lorem. Lorem lorem lorem. Lorem lorem lorem.\n","publishDate":"2022-03-20T20:59:37.716385+00:00"},{"id":121,"title":"Book 121","description":"Lorem lorem lorem. Lorem lorem lorem. Lorem lorem lorem.\n","pageCount":12100,"excerpt":"Lorem lorem lorem. Lorem lorem lorem. Lorem lorem lorem.\nLorem lorem lorem. Lorem lorem lorem. Lorem lorem lorem.\nLorem lorem lorem. Lorem lorem lorem. Lorem lorem lorem.\nLorem lorem lorem. Lorem lorem lorem. Lorem lorem lorem.\nLorem lorem lorem. Lorem lorem lorem. Lorem lorem lorem.\n","publishDate":"2022-03-19T20:59:37.716394+00:00"},{"id":122,"title":"Book 122","description":"Lorem lorem lorem. Lorem lorem lorem. Lorem lorem lorem.\n","pageCount":12200,"excerpt":"Lorem lorem lorem. Lorem lorem lorem. Lorem lorem lorem.\nLorem lorem lorem. Lorem lorem lorem. Lorem lorem lorem.\nLorem lorem lorem. Lorem lorem lorem. Lorem lorem lorem.\nLorem lorem lorem. Lorem lorem lorem. Lorem lorem lorem.\nLorem lorem lorem. Lorem lorem lorem. Lorem lorem lorem.\n","publishDate":"2022-03-18T20:59:37.7164029+00:00"},{"id":123,"title":"Book 123","description":"Lorem lorem lorem. Lorem lorem lorem. Lorem lorem lorem.\n","pageCount":12300,"excerpt":"Lorem lorem lorem. Lorem lorem lorem. Lorem lorem lorem.\nLorem lorem lorem. Lorem lorem lorem. Lorem lorem lorem.\nLorem lorem lorem. Lorem lorem lorem. Lorem lorem lorem.\nLorem lorem lorem. Lorem lorem lorem. Lorem lorem lorem.\nLorem lorem lorem. Lorem lorem lorem. Lorem lorem lorem.\n","publishDate":"2022-03-17T20:59:37.7164133+00:00"},{"id":124,"title":"Book 124","description":"Lorem lorem lorem. Lorem lorem lorem. Lorem lorem lorem.\n","pageCount":12400,"excerpt":"Lorem lorem lorem. Lorem lorem lorem. Lorem lorem lorem.\nLorem lorem lorem. Lorem lorem lorem. Lorem lorem lorem.\nLorem lorem lorem. Lorem lorem lorem. Lorem lorem lorem.\nLorem lorem lorem. Lorem lorem lorem. Lorem lorem lorem.\nLorem lorem lorem. Lorem lorem lorem. Lorem lorem lorem.\n","publishDate":"2022-03-16T20:59:37.7164223+00:00"},{"id":125,"title":"Book 125","description":"Lorem lorem lorem. Lorem lorem lorem. Lorem lorem lorem.\n","pageCount":12500,"excerpt":"Lorem lorem lorem. Lorem lorem lorem. Lorem lorem lorem.\nLorem lorem lorem. Lorem lorem lorem. Lorem lorem lorem.\nLorem lorem lorem. Lorem lorem lorem. Lorem lorem lorem.\nLorem lorem lorem. Lorem lorem lorem. Lorem lorem lorem.\nLorem lorem lorem. Lorem lorem lorem. Lorem lorem lorem.\n","publishDate":"2022-03-15T20:59:37.716433+00:00"},{"id":126,"title":"Book 126","description":"Lorem lorem lorem. Lorem lorem lorem. Lorem lorem lorem.\n","pageCount":12600,"excerpt":"Lorem lorem lorem. Lorem lorem lorem. Lorem lorem lorem.\nLorem lorem lorem. Lorem lorem lorem. Lorem lorem lorem.\nLorem lorem lorem. Lorem lorem lorem. Lorem lorem lorem.\nLorem lorem lorem. Lorem lorem lorem. Lorem lorem lorem.\nLorem lorem lorem. Lorem lorem lorem. Lorem lorem lorem.\n","publishDate":"2022-03-14T20:59:37.716442+00:00"},{"id":127,"title":"Book 127","description":"Lorem lorem lorem. Lorem lorem lorem. Lorem lorem lorem.\n","pageCount":12700,"excerpt":"Lorem lorem lorem. Lorem lorem lorem. Lorem lorem lorem.\nLorem lorem lorem. Lorem lorem lorem. Lorem lorem lorem.\nLorem lorem lorem. Lorem lorem lorem. Lorem lorem lorem.\nLorem lorem lorem. Lorem lorem lorem. Lorem lorem lorem.\nLorem lorem lorem. Lorem lorem lorem. Lorem lorem lorem.\n","publishDate":"2022-03-13T20:59:37.7164525+00:00"},{"id":128,"title":"Book 128","description":"Lorem lorem lorem. Lorem lorem lorem. Lorem lorem lorem.\n","pageCount":12800,"excerpt":"Lorem lorem lorem. Lorem lorem lorem. Lorem lorem lorem.\nLorem lorem lorem. Lorem lorem lorem. Lorem lorem lorem.\nLorem lorem lorem. Lorem lorem lorem. Lorem lorem lorem.\nLorem lorem lorem. Lorem lorem lorem. Lorem lorem lorem.\nLorem lorem lorem. Lorem lorem lorem. Lorem lorem lorem.\n","publishDate":"2022-03-12T20:59:37.7164616+00:00"},{"id":129,"title":"Book 129","description":"Lorem lorem lorem. Lorem lorem lorem. Lorem lorem lorem.\n","pageCount":12900,"excerpt":"Lorem lorem lorem. Lorem lorem lorem. Lorem lorem lorem.\nLorem lorem lorem. Lorem lorem lorem. Lorem lorem lorem.\nLorem lorem lorem. Lorem lorem lorem. Lorem lorem lorem.\nLorem lorem lorem. Lorem lorem lorem. Lorem lorem lorem.\nLorem lorem lorem. Lorem lorem lorem. Lorem lorem lorem.\n","publishDate":"2022-03-11T20:59:37.7164721+00:00"},{"id":130,"title":"Book 130","description":"Lorem lorem lorem. Lorem lorem lorem. Lorem lorem lorem.\n","pageCount":13000,"excerpt":"Lorem lorem lorem. Lorem lorem lorem. Lorem lorem lorem.\nLorem lorem lorem. Lorem lorem lorem. Lorem lorem lorem.\nLorem lorem lorem. Lorem lorem lorem. Lorem lorem lorem.\nLorem lorem lorem. Lorem lorem lorem. Lorem lorem lorem.\nLorem lorem lorem. Lorem lorem lorem. Lorem lorem lorem.\n","publishDate":"2022-03-10T20:59:37.7164818+00:00"},{"id":131,"title":"Book 131","description":"Lorem lorem lorem. Lorem lorem lorem. Lorem lorem lorem.\n","pageCount":13100,"excerpt":"Lorem lorem lorem. Lorem lorem lorem. Lorem lorem lorem.\nLorem lorem lorem. Lorem lorem lorem. Lorem lorem lorem.\nLorem lorem lorem. Lorem lorem lorem. Lorem lorem lorem.\nLorem lorem lorem. Lorem lorem lorem. Lorem lorem lorem.\nLorem lorem lorem. Lorem lorem lorem. Lorem lorem lorem.\n","publishDate":"2022-03-09T20:59:37.7164924+00:00"},{"id":132,"title":"Book 132","description":"Lorem lorem lorem. Lorem lorem lorem. Lorem lorem lorem.\n","pageCount":13200,"excerpt":"Lorem lorem lorem. Lorem lorem lorem. Lorem lorem lorem.\nLorem lorem lorem. Lorem lorem lorem. Lorem lorem lorem.\nLorem lorem lorem. Lorem lorem lorem. Lorem lorem lorem.\nLorem lorem lorem. Lorem lorem lorem. Lorem lorem lorem.\nLorem lorem lorem. Lorem lorem lorem. Lorem lorem lorem.\n","publishDate":"2022-03-08T20:59:37.7165015+00:00"},{"id":133,"title":"Book 133","description":"Lorem lorem lorem. Lorem lorem lorem. Lorem lorem lorem.\n","pageCount":13300,"excerpt":"Lorem lorem lorem. Lorem lorem lorem. Lorem lorem lorem.\nLorem lorem lorem. Lorem lorem lorem. Lorem lorem lorem.\nLorem lorem lorem. Lorem lorem lorem. Lorem lorem lorem.\nLorem lorem lorem. Lorem lorem lorem. Lorem lorem lorem.\nLorem lorem lorem. Lorem lorem lorem. Lorem lorem lorem.\n","publishDate":"2022-03-07T20:59:37.716512+00:00"},{"id":134,"title":"Book 134","description":"Lorem lorem lorem. Lorem lorem lorem. Lorem lorem lorem.\n","pageCount":13400,"excerpt":"Lorem lorem lorem. Lorem lorem lorem. Lorem lorem lorem.\nLorem lorem lorem. Lorem lorem lorem. Lorem lorem lorem.\nLorem lorem lorem. Lorem lorem lorem. Lorem lorem lorem.\nLorem lorem lorem. Lorem lorem lorem. Lorem lorem lorem.\nLorem lorem lorem. Lorem lorem lorem. Lorem lorem lorem.\n","publishDate":"2022-03-06T20:59:37.7165209+00:00"},{"id":135,"title":"Book 135","description":"Lorem lorem lorem. Lorem lorem lorem. Lorem lorem lorem.\n","pageCount":13500,"excerpt":"Lorem lorem lorem. Lorem lorem lorem. Lorem lorem lorem.\nLorem lorem lorem. Lorem lorem lorem. Lorem lorem lorem.\nLorem lorem lorem. Lorem lorem lorem. Lorem lorem lorem.\nLorem lorem lorem. Lorem lorem lorem. Lorem lorem lorem.\nLorem lorem lorem. Lorem lorem lorem. Lorem lorem lorem.\n","publishDate":"2022-03-05T20:59:37.7165315+00:00"},{"id":136,"title":"Book 136","description":"Lorem lorem lorem. Lorem lorem lorem. Lorem lorem lorem.\n","pageCount":13600,"excerpt":"Lorem lorem lorem. Lorem lorem lorem. Lorem lorem lorem.\nLorem lorem lorem. Lorem lorem lorem. Lorem lorem lorem.\nLorem lorem lorem. Lorem lorem lorem. Lorem lorem lorem.\nLorem lorem lorem. Lorem lorem lorem. Lorem lorem lorem.\nLorem lorem lorem. Lorem lorem lorem. Lorem lorem lorem.\n","publishDate":"2022-03-04T20:59:37.7165404+00:00"},{"id":137,"title":"Book 137","description":"Lorem lorem lorem. Lorem lorem lorem. Lorem lorem lorem.\n","pageCount":13700,"excerpt":"Lorem lorem lorem. Lorem lorem lorem. Lorem lorem lorem.\nLorem lorem lorem. Lorem lorem lorem. Lorem lorem lorem.\nLorem lorem lorem. Lorem lorem lorem. Lorem lorem lorem.\nLorem lorem lorem. Lorem lorem lorem. Lorem lorem lorem.\nLorem lorem lorem. Lorem lorem lorem. Lorem lorem lorem.\n","publishDate":"2022-03-03T20:59:37.716551+00:00"},{"id":138,"title":"Book 138","description":"Lorem lorem lorem. Lorem lorem lorem. Lorem lorem lorem.\n","pageCount":13800,"excerpt":"Lorem lorem lorem. Lorem lorem lorem. Lorem lorem lorem.\nLorem lorem lorem. Lorem lorem lorem. Lorem lorem lorem.\nLorem lorem lorem. Lorem lorem lorem. Lorem lorem lorem.\nLorem lorem lorem. Lorem lorem lorem. Lorem lorem lorem.\nLorem lorem lorem. Lorem lorem lorem. Lorem lorem lorem.\n","publishDate":"2022-03-02T20:59:37.7165599+00:00"},{"id":139,"title":"Book 139","description":"Lorem lorem lorem. Lorem lorem lorem. Lorem lorem lorem.\n","pageCount":13900,"excerpt":"Lorem lorem lorem. Lorem lorem lorem. Lorem lorem lorem.\nLorem lorem lorem. Lorem lorem lorem. Lorem lorem lorem.\nLorem lorem lorem. Lorem lorem lorem. Lorem lorem lorem.\nLorem lorem lorem. Lorem lorem lorem. Lorem lorem lorem.\nLorem lorem lorem. Lorem lorem lorem. Lorem lorem lorem.\n","publishDate":"2022-03-01T20:59:37.7165705+00:00"},{"id":140,"title":"Book 140","description":"Lorem lorem lorem. Lorem lorem lorem. Lorem lorem lorem.\n","pageCount":14000,"excerpt":"Lorem lorem lorem. Lorem lorem lorem. Lorem lorem lorem.\nLorem lorem lorem. Lorem lorem lorem. Lorem lorem lorem.\nLorem lorem lorem. Lorem lorem lorem. Lorem lorem lorem.\nLorem lorem lorem. Lorem lorem lorem. Lorem lorem lorem.\nLorem lorem lorem. Lorem lorem lorem. Lorem lorem lorem.\n","publishDate":"2022-02-28T20:59:37.7165796+00:00"},{"id":141,"title":"Book 141","description":"Lorem lorem lorem. Lorem lorem lorem. Lorem lorem lorem.\n","pageCount":14100,"excerpt":"Lorem lorem lorem. Lorem lorem lorem. Lorem lorem lorem.\nLorem lorem lorem. Lorem lor
[...]
</kw>
<kw name="Conferir se retorna uma lista com &quot;200&quot; livros" library="kws_apiautomation" sourcename="Conferir se retorna uma lista com &quot;${QUANTIDADE}&quot; livros">
<kw name="Length Should Be" library="BuiltIn">
<arg>${RESPOSTA.json()}</arg>
<arg>${QUANTIDADE}</arg>
<doc>Verifies that the length of the given item is correct.</doc>
<msg timestamp="20220718 17:59:38.291" level="INFO">Length is 200</msg>
<status status="PASS" starttime="20220718 17:59:38.289" endtime="20220718 17:59:38.291"/>
</kw>
<status status="PASS" starttime="20220718 17:59:38.289" endtime="20220718 17:59:38.291"/>
</kw>
<tag>GET_ALL_BOOKS</tag>
<status status="PASS" starttime="20220718 17:59:36.876" endtime="20220718 17:59:38.292"/>
</test>
<test id="s1-t2" name="Cenario: Buscar um livro específico(GET em um Livro específico)" line="27">
<kw name="Conectar com a minha API" library="kws_apiautomation" type="SETUP">
<kw name="Create Session" library="RequestsLibrary">
<arg>${API_BOOKS.ALIAS}</arg>
<arg>${API_BOOKS.BASE_URL}</arg>
<arg>disable_warnings=${True}</arg>
<doc>Create Session: create a HTTP session to a server</doc>
<msg timestamp="20220718 17:59:38.297" level="INFO">Creating Session using : alias=booksAPI, url=https://fakerestapi.azurewebsites.net, headers={},                     cookies={}, auth=None, timeout=None, proxies=None, verify=False,                     debug=0 </msg>
<status status="PASS" starttime="20220718 17:59:38.296" endtime="20220718 17:59:38.297"/>
</kw>
<kw name="Create Directory" library="OperatingSystem">
<var>${HEADERS}</var>
<arg>content-type=application/json</arg>
<doc>Creates the specified directory.</doc>
<msg timestamp="20220718 17:59:38.298" level="INFO" html="true">Directory '&lt;a href="file://C:\Users\drios\Desktop\API ROBOT\API-REST-RobotFramework\content-type=application\json"&gt;C:\Users\drios\Desktop\API ROBOT\API-REST-RobotFramework\content-type=application\json&lt;/a&gt;' already exists.</msg>
<msg timestamp="20220718 17:59:38.298" level="INFO">${HEADERS} = None</msg>
<status status="PASS" starttime="20220718 17:59:38.297" endtime="20220718 17:59:38.298"/>
</kw>
<kw name="Set Test Variable" library="BuiltIn">
<arg>${HEADERS}</arg>
<doc>Makes a variable available everywhere within the scope of the current test.</doc>
<msg timestamp="20220718 17:59:38.299" level="INFO">${HEADERS} = None</msg>
<status status="PASS" starttime="20220718 17:59:38.298" endtime="20220718 17:59:38.299"/>
</kw>
<status status="PASS" starttime="20220718 17:59:38.295" endtime="20220718 17:59:38.299"/>
</kw>
<kw name="Requisitar o livro &quot;20&quot;" library="kws_apiautomation" sourcename="Requisitar o livro &quot;${ID_LIVRO}&quot;">
<kw name="GET On Session" library="RequestsLibrary">
<var>${RESPOSTA}</var>
<arg>${API_BOOKS.ALIAS}</arg>
<arg>${API_BOOKS.ENDPOINT}/${ID_LIVRO}</arg>
<doc>Sends a GET request on a previously created HTTP Session.</doc>
<msg timestamp="20220718 17:59:39.195" level="INFO">GET Request : url=https://fakerestapi.azurewebsites.net/api/v1/Books/20 
 path_url=/api/v1/Books/20 
 headers={'User-Agent': 'python-requests/2.27.1', 'Accept-Encoding': 'gzip, deflate', 'Accept': '*/*', 'Connection': 'keep-alive'} 
 body=None 
 </msg>
<msg timestamp="20220718 17:59:39.195" level="INFO">GET Response : url=https://fakerestapi.azurewebsites.net/api/v1/Books/20 
 status=200, reason=OK 
 headers={'Content-Type': 'application/json; charset=utf-8; v=1.0', 'Date': 'Mon, 18 Jul 2022 20:59:39 GMT', 'Server': 'Kestrel', 'Transfer-Encoding': 'chunked', 'api-supported-versions': '1.0'} 
 body={"id":20,"title":"Book 20","description":"Lorem lorem lorem. Lorem lorem lorem. Lorem lorem lorem.\n","pageCount":2000,"excerpt":"Lorem lorem lorem. Lorem lorem lorem. Lorem lorem lorem.\nLorem lorem lorem. Lorem lorem lorem. Lorem lorem lorem.\nLorem lorem lorem. Lorem lorem lorem. Lorem lorem lorem.\nLorem lorem lorem. Lorem lorem lorem. Lorem lorem lorem.\nLorem lorem lorem. Lorem lorem lorem. Lorem lorem lorem.\n","publishDate":"2022-06-28T20:59:39.0850672+00:00"} 
 </msg>
<msg timestamp="20220718 17:59:39.195" level="INFO">${RESPOSTA} = &lt;Response [200]&gt;</msg>
<status status="PASS" starttime="20220718 17:59:38.301" endtime="20220718 17:59:39.195"/>
</kw>
<kw name="Log" library="BuiltIn">
<arg>${RESPOSTA.text}</arg>
<doc>Logs the given message with the given level.</doc>
<msg timestamp="20220718 17:59:39.196" level="INFO">{"id":20,"title":"Book 20","description":"Lorem lorem lorem. Lorem lorem lorem. Lorem lorem lorem.\n","pageCount":2000,"excerpt":"Lorem lorem lorem. Lorem lorem lorem. Lorem lorem lorem.\nLorem lorem lorem. Lorem lorem lorem. Lorem lorem lorem.\nLorem lorem lorem. Lorem lorem lorem. Lorem lorem lorem.\nLorem lorem lorem. Lorem lorem lorem. Lorem lorem lorem.\nLorem lorem lorem. Lorem lorem lorem. Lorem lorem lorem.\n","publishDate":"2022-06-28T20:59:39.0850672+00:00"}</msg>
<status status="PASS" starttime="20220718 17:59:39.195" endtime="20220718 17:59:39.196"/>
</kw>
<kw name="Set Test Variable" library="BuiltIn">
<arg>${RESPOSTA}</arg>
<doc>Makes a variable available everywhere within the scope of the current test.</doc>
<msg timestamp="20220718 17:59:39.196" level="INFO">${RESPOSTA} = &lt;Response [200]&gt;</msg>
<status status="PASS" starttime="20220718 17:59:39.196" endtime="20220718 17:59:39.196"/>
</kw>
<status status="PASS" starttime="20220718 17:59:38.300" endtime="20220718 17:59:39.196"/>
</kw>
<kw name="Conferir o status code" library="kws_apiautomation">
<arg>200</arg>
<kw name="Should Be Equal As Strings" library="BuiltIn">
<arg>${RESPOSTA.status_code}</arg>
<arg>${STATUS_CODE}</arg>
<doc>Fails if objects are unequal after converting them to strings.</doc>
<msg timestamp="20220718 17:59:39.199" level="INFO">Argument types are:
&lt;class 'int'&gt;
&lt;class 'str'&gt;</msg>
<status status="PASS" starttime="20220718 17:59:39.198" endtime="20220718 17:59:39.200"/>
</kw>
<status status="PASS" starttime="20220718 17:59:39.197" endtime="20220718 17:59:39.200"/>
</kw>
<kw name="Conferir o reason" library="kws_apiautomation">
<arg>OK</arg>
<kw name="Should Be Equal As Strings" library="BuiltIn">
<arg>${RESPOSTA.reason}</arg>
<arg>${REASON}</arg>
<doc>Fails if objects are unequal after converting them to strings.</doc>
<status status="PASS" starttime="20220718 17:59:39.201" endtime="20220718 17:59:39.202"/>
</kw>
<status status="PASS" starttime="20220718 17:59:39.200" endtime="20220718 17:59:39.202"/>
</kw>
<kw name="Conferir se retorna todos os dados corretos do livro 20" library="kws_apiautomation">
<kw name="Set Variable" library="BuiltIn">
<var>${JSON_DATA}</var>
<arg>${RESPOSTA.json()}</arg>
<doc>Returns the given values which can then be assigned to a variables.</doc>
<msg timestamp="20220718 17:59:39.204" level="INFO">${JSON_DATA} = {'id': 20, 'title': 'Book 20', 'description': 'Lorem lorem lorem. Lorem lorem lorem. Lorem lorem lorem.\n', 'pageCount': 2000, 'excerpt': 'Lorem lorem lorem. Lorem lorem lorem. Lorem lorem lorem.\nLor...</msg>
<status status="PASS" starttime="20220718 17:59:39.203" endtime="20220718 17:59:39.204"/>
</kw>
<kw name="Get From Dictionary" library="Collections">
<var>${ID}</var>
<arg>${JSON_DATA}</arg>
<arg>${DATA.ID}</arg>
<doc>Returns a value from the given ``dictionary`` based on the given ``key``.</doc>
<msg timestamp="20220718 17:59:39.205" level="INFO">${ID} = 20</msg>
<status status="PASS" starttime="20220718 17:59:39.204" endtime="20220718 17:59:39.205"/>
</kw>
<kw name="Get From Dictionary" library="Collections">
<var>${TITLE}</var>
<arg>${JSON_DATA}</arg>
<arg>${DATA.TITLE}</arg>
<doc>Returns a value from the given ``dictionary`` based on the given ``key``.</doc>
<msg timestamp="20220718 17:59:39.206" level="INFO">${TITLE} = Book 20</msg>
<status status="PASS" starttime="20220718 17:59:39.205" endtime="20220718 17:59:39.206"/>
</kw>
<kw name="Get From Dictionary" library="Collections">
<var>${PUBLISH_DATE}</var>
<arg>${JSON_DATA}</arg>
<arg>${DATA.PUBLISH_DATE}</arg>
<doc>Returns a value from the given ``dictionary`` based on the given ``key``.</doc>
<msg timestamp="20220718 17:59:39.207" level="INFO">${PUBLISH_DATE} = 2022-06-28T20:59:39.0850672+00:00</msg>
<status status="PASS" starttime="20220718 17:59:39.206" endtime="20220718 17:59:39.207"/>
</kw>
<status status="PASS" starttime="20220718 17:59:39.202" endtime="20220718 17:59:39.207"/>
</kw>
<tag>GET_A_BOOK</tag>
<status status="PASS" starttime="20220718 17:59:38.293" endtime="20220718 17:59:39.207"/>
</test>
<test id="s1-t3" name="Cenario: Cadastrar um novo livro (POST)" line="34">
<kw name="Conectar com a minha API" library="kws_apiautomation" type="SETUP">
<kw name="Create Session" library="RequestsLibrary">
<arg>${API_BOOKS.ALIAS}</arg>
<arg>${API_BOOKS.BASE_URL}</arg>
<arg>disable_warnings=${True}</arg>
<doc>Create Session: create a HTTP session to a server</doc>
<msg timestamp="20220718 17:59:39.213" level="INFO">Creating Session using : alias=booksAPI, url=https://fakerestapi.azurewebsites.net, headers={},                     cookies={}, auth=None, timeout=None, proxies=None, verify=False,                     debug=0 </msg>
<status status="PASS" starttime="20220718 17:59:39.210" endtime="20220718 17:59:39.214"/>
</kw>
<kw name="Create Directory" library="OperatingSystem">
<var>${HEADERS}</var>
<arg>content-type=application/json</arg>
<doc>Creates the specified directory.</doc>
<msg timestamp="20220718 17:59:39.214" level="INFO" html="true">Directory '&lt;a href="file://C:\Users\drios\Desktop\API ROBOT\API-REST-RobotFramework\content-type=application\json"&gt;C:\Users\drios\Desktop\API ROBOT\API-REST-RobotFramework\content-type=application\json&lt;/a&gt;' already exists.</msg>
<msg timestamp="20220718 17:59:39.214" level="INFO">${HEADERS} = None</msg>
<status status="PASS" starttime="20220718 17:59:39.214" endtime="20220718 17:59:39.214"/>
</kw>
<kw name="Set Test Variable" library="BuiltIn">
<arg>${HEADERS}</arg>
<doc>Makes a variable available everywhere within the scope of the current test.</doc>
<msg timestamp="20220718 17:59:39.215" level="INFO">${HEADERS} = None</msg>
<status status="PASS" starttime="20220718 17:59:39.215" endtime="20220718 17:59:39.215"/>
</kw>
<status status="PASS" starttime="20220718 17:59:39.209" endtime="20220718 17:59:39.216"/>
</kw>
<kw name="Cadastrar um novo livro" library="kws_apiautomation">
<kw name="Format String" library="String">
<var>${JSON}</var>
<arg>${EXECDIR}${DIR.JSON}</arg>
<doc>Formats a ``template`` using the given ``positional`` and ``named`` arguments.</doc>
<msg timestamp="20220718 17:59:39.217" level="INFO" html="true">Reading template from file &lt;a href="C:\Users\drios\Desktop\API ROBOT\API-REST-RobotFramework\src\auto\data\cadastro.json"&gt;C:\Users\drios\Desktop\API ROBOT\API-REST-RobotFramework\src\auto\data\cadastro.json&lt;/a&gt;.</msg>
<msg timestamp="20220718 17:59:39.218" level="INFO">${JSON} = {
    "id": 201,
    "title": "Dumbledores do Nordeste",
    "description": "Nois que voa bruxão",
    "pageCount": 100,
    "excerpt": "Lorem Ipsum is simply dummy text of the printing and typesettin...</msg>
<status status="PASS" starttime="20220718 17:59:39.217" endtime="20220718 17:59:39.218"/>
</kw>
<kw name="Convert String To JSON" library="JSONLibrary">
<var>${SCHEMA_BODY}</var>
<arg>${JSON}</arg>
<doc>Convert String to JSON object</doc>
<msg timestamp="20220718 17:59:39.218" level="INFO">${SCHEMA_BODY} = {'id': 201, 'title': 'Dumbledores do Nordeste', 'description': 'Nois que voa bruxão', 'pageCount': 100, 'excerpt': "Lorem Ipsum is simply dummy text of the printing and typesetting industry. Lorem Ips...</msg>
<status status="PASS" starttime="20220718 17:59:39.218" endtime="20220718 17:59:39.218"/>
</kw>
<kw name="POST On Session" library="RequestsLibrary">
<var>${RESPOSTA}</var>
<arg>${API_BOOKS.ALIAS}</arg>
<arg>${API_BOOKS.ENDPOINT}</arg>
<arg>json=${SCHEMA_BODY}</arg>
<doc>Sends a POST request on a previously created HTTP Session.</doc>
<msg timestamp="20220718 17:59:40.117" level="INFO">POST Request : url=https://fakerestapi.azurewebsites.net/api/v1/Books 
 path_url=/api/v1/Books 
 headers={'User-Agent': 'python-requests/2.27.1', 'Accept-Encoding': 'gzip, deflate', 'Accept': '*/*', 'Connection': 'keep-alive', 'Content-Length': '740', 'Content-Type': 'application/json'} 
 body=b'{"id": 201, "title": "Dumbledores do Nordeste", "description": "Nois que voa brux\\u00e3o", "pageCount": 100, "excerpt": "Lorem Ipsum is simply dummy text of the printing and typesetting industry. Lorem Ipsum has been the industry\'s standard dummy text ever since the 1500s, when an unknown printer took a galley of type and scrambled it to make a type specimen book. It has survived not only five centuries, but also the leap into electronic typesetting, remaining essentially unchanged. It was popularised in the 1960s with the release of Letraset sheets containing Lorem Ipsum passages, and more recently with desktop publishing software like Aldus PageMaker including versions of Lorem Ipsum.", "publishDate": "2021-12-22T14:27:02.464Z"}' 
 </msg>
<msg timestamp="20220718 17:59:40.117" level="INFO">POST Response : url=https://fakerestapi.azurewebsites.net/api/v1/Books 
 status=200, reason=OK 
 headers={'Content-Type': 'application/json; charset=utf-8; v=1.0', 'Date': 'Mon, 18 Jul 2022 20:59:40 GMT', 'Server': 'Kestrel', 'Transfer-Encoding': 'chunked', 'api-supported-versions': '1.0'} 
 body={"id":201,"title":"Dumbledores do Nordeste","description":"Nois que voa bruxão","pageCount":100,"excerpt":"Lorem Ipsum is simply dummy text of the printing and typesetting industry. Lorem Ipsum has been the industry's standard dummy text ever since the 1500s, when an unknown printer took a galley of type and scrambled it to make a type specimen book. It has survived not only five centuries, but also the leap into electronic typesetting, remaining essentially unchanged. It was popularised in the 1960s with the release of Letraset sheets containing Lorem Ipsum passages, and more recently with desktop publishing software like Aldus PageMaker including versions of Lorem Ipsum.","publishDate":"2021-12-22T14:27:02.464Z"} 
 </msg>
<msg timestamp="20220718 17:59:40.117" level="INFO">${RESPOSTA} = &lt;Response [200]&gt;</msg>
<status status="PASS" starttime="20220718 17:59:39.218" endtime="20220718 17:59:40.117"/>
</kw>
<kw name="Log" library="BuiltIn">
<arg>${RESPOSTA.text}</arg>
<doc>Logs the given message with the given level.</doc>
<msg timestamp="20220718 17:59:40.118" level="INFO">{"id":201,"title":"Dumbledores do Nordeste","description":"Nois que voa bruxão","pageCount":100,"excerpt":"Lorem Ipsum is simply dummy text of the printing and typesetting industry. Lorem Ipsum has been the industry's standard dummy text ever since the 1500s, when an unknown printer took a galley of type and scrambled it to make a type specimen book. It has survived not only five centuries, but also the leap into electronic typesetting, remaining essentially unchanged. It was popularised in the 1960s with the release of Letraset sheets containing Lorem Ipsum passages, and more recently with desktop publishing software like Aldus PageMaker including versions of Lorem Ipsum.","publishDate":"2021-12-22T14:27:02.464Z"}</msg>
<status status="PASS" starttime="20220718 17:59:40.117" endtime="20220718 17:59:40.118"/>
</kw>
<kw name="Set Test Variable" library="BuiltIn">
<arg>${RESPOSTA}</arg>
<doc>Makes a variable available everywhere within the scope of the current test.</doc>
<msg timestamp="20220718 17:59:40.119" level="INFO">${RESPOSTA} = &lt;Response [200]&gt;</msg>
<status status="PASS" starttime="20220718 17:59:40.119" endtime="20220718 17:59:40.119"/>
</kw>
<status status="PASS" starttime="20220718 17:59:39.216" endtime="20220718 17:59:40.119"/>
</kw>
<kw name="Conferir o status code" library="kws_apiautomation">
<arg>200</arg>
<kw name="Should Be Equal As Strings" library="BuiltIn">
<arg>${RESPOSTA.status_code}</arg>
<arg>${STATUS_CODE}</arg>
<doc>Fails if objects are unequal after converting them to strings.</doc>
<msg timestamp="20220718 17:59:40.121" level="INFO">Argument types are:
&lt;class 'int'&gt;
&lt;class 'str'&gt;</msg>
<status status="PASS" starttime="20220718 17:59:40.120" endtime="20220718 17:59:40.121"/>
</kw>
<status status="PASS" starttime="20220718 17:59:40.120" endtime="20220718 17:59:40.121"/>
</kw>
<kw name="Conferir o reason" library="kws_apiautomation">
<arg>OK</arg>
<kw name="Should Be Equal As Strings" library="BuiltIn">
<arg>${RESPOSTA.reason}</arg>
<arg>${REASON}</arg>
<doc>Fails if objects are unequal after converting them to strings.</doc>
<status status="PASS" starttime="20220718 17:59:40.122" endtime="20220718 17:59:40.124"/>
</kw>
<status status="PASS" starttime="20220718 17:59:40.121" endtime="20220718 17:59:40.124"/>
</kw>
<kw name="Conferir se retorna todos os dados cadastrados do livro &quot;201&quot;" library="kws_apiautomation" sourcename="Conferir se retorna todos os dados cadastrados do livro &quot;${ID_LIVRO}&quot;">
<kw name="Set Variable" library="BuiltIn">
<var>${JSON_DATA}</var>
<arg>${RESPOSTA.json()}</arg>
<doc>Returns the given values which can then be assigned to a variables.</doc>
<msg timestamp="20220718 17:59:40.126" level="INFO">${JSON_DATA} = {'id': 201, 'title': 'Dumbledores do Nordeste', 'description': 'Nois que voa bruxão', 'pageCount': 100, 'excerpt': "Lorem Ipsum is simply dummy text of the printing and typesetting industry. Lorem Ips...</msg>
<status status="PASS" starttime="20220718 17:59:40.125" endtime="20220718 17:59:40.126"/>
</kw>
<kw name="Get From Dictionary" library="Collections">
<var>${ID}</var>
<arg>${JSON_DATA}</arg>
<arg>${DATA.ID}</arg>
<doc>Returns a value from the given ``dictionary`` based on the given ``key``.</doc>
<msg timestamp="20220718 17:59:40.127" level="INFO">${ID} = 201</msg>
<status status="PASS" starttime="20220718 17:59:40.126" endtime="20220718 17:59:40.127"/>
</kw>
<kw name="Get From Dictionary" library="Collections">
<var>${TITLE}</var>
<arg>${JSON_DATA}</arg>
<arg>${DATA.TITLE}</arg>
<doc>Returns a value from the given ``dictionary`` based on the given ``key``.</doc>
<msg timestamp="20220718 17:59:40.128" level="INFO">${TITLE} = Dumbledores do Nordeste</msg>
<status status="PASS" starttime="20220718 17:59:40.127" endtime="20220718 17:59:40.129"/>
</kw>
<kw name="Get From Dictionary" library="Collections">
<var>${DESCRIPTION}</var>
<arg>${JSON_DATA}</arg>
<arg>${DATA.DESCRIPTION}</arg>
<doc>Returns a value from the given ``dictionary`` based on the given ``key``.</doc>
<msg timestamp="20220718 17:59:40.130" level="INFO">${DESCRIPTION} = Nois que voa bruxão</msg>
<status status="PASS" starttime="20220718 17:59:40.129" endtime="20220718 17:59:40.130"/>
</kw>
<kw name="Get From Dictionary" library="Collections">
<var>${PUBLISH_DATE}</var>
<arg>${JSON_DATA}</arg>
<arg>${DATA.PUBLISH_DATE}</arg>
<doc>Returns a value from the given ``dictionary`` based on the given ``key``.</doc>
<msg timestamp="20220718 17:59:40.131" level="INFO">${PUBLISH_DATE} = 2021-12-22T14:27:02.464Z</msg>
<status status="PASS" starttime="20220718 17:59:40.130" endtime="20220718 17:59:40.131"/>
</kw>
<status status="PASS" starttime="20220718 17:59:40.125" endtime="20220718 17:59:40.131"/>
</kw>
<tag>REGISTER_A_BOOK</tag>
<status status="PASS" starttime="20220718 17:59:39.208" endtime="20220718 17:59:40.132"/>
</test>
<doc>Aqui estarão presentes os testes de API do Dojo</doc>
<status status="PASS" starttime="20220718 17:59:36.687" endtime="20220718 17:59:40.134"/>
</suite>
<statistics>
<total>
<stat pass="3" fail="0" skip="0">All Tests</stat>
</total>
<tag>
<stat pass="1" fail="0" skip="0">GET_A_BOOK</stat>
<stat pass="1" fail="0" skip="0">GET_ALL_BOOKS</stat>
<stat pass="1" fail="0" skip="0">REGISTER_A_BOOK</stat>
</tag>
<suite>
<stat pass="3" fail="0" skip="0" id="s1" name="Apiautomation">Apiautomation</stat>
</suite>
</statistics>
<errors>
</errors>
</robot>
